2019-07-04 00:04:46.996 [main           ][INFO ][SpringBootAppStarter     ] - [TCD9773777  ] -  [user:] : Starting SpringBootAppStarter on TCD9773777 with PID 1627 (/Users/ext02d9773/Documents/GitHub/gamingplatform/gamingplatform-api/target/classes started by ext02d9773 in /Users/ext02d9773/Documents/GitHub/gamingplatform/gamingplatform-api)
2019-07-04 00:04:47.001 [main           ][INFO ][SpringBootAppStarter     ] - [TCD9773777  ] -  [user:] : The following profiles are active: common,integration-mobileconnect
2019-07-04 00:04:47.905 [main           ][INFO ][toryConfigurationDelegate] - [TCD9773777  ] -  [user:] : Multiple Spring Data modules found, entering strict repository configuration mode!
2019-07-04 00:04:47.906 [main           ][INFO ][toryConfigurationDelegate] - [TCD9773777  ] -  [user:] : Bootstrapping Spring Data repositories in DEFAULT mode.
2019-07-04 00:04:47.984 [main           ][INFO ][toryConfigurationDelegate] - [TCD9773777  ] -  [user:] : Finished Spring Data repository scanning in 74ms. Found 11 repository interfaces.
2019-07-04 00:04:48.302 [main           ][INFO ][$BeanPostProcessorChecker] - [TCD9773777  ] -  [user:] : Bean 'org.springframework.ws.config.annotation.DelegatingWsConfiguration' of type [org.springframework.ws.config.annotation.DelegatingWsConfiguration$$EnhancerBySpringCGLIB$$8ac42e56] is not eligible for getting processed by all BeanPostProcessors (for example: not eligible for auto-proxying)
2019-07-04 00:04:48.328 [main           ][INFO ][tionActionEndpointMapping] - [TCD9773777  ] -  [user:] : Supporting [WS-Addressing August 2004, WS-Addressing 1.0]
2019-07-04 00:04:48.372 [main           ][INFO ][$BeanPostProcessorChecker] - [TCD9773777  ] -  [user:] : Bean 'org.springframework.transaction.annotation.ProxyTransactionManagementConfiguration' of type [org.springframework.transaction.annotation.ProxyTransactionManagementConfiguration$$EnhancerBySpringCGLIB$$e62c6957] is not eligible for getting processed by all BeanPostProcessors (for example: not eligible for auto-proxying)
2019-07-04 00:04:48.396 [main           ][INFO ][$BeanPostProcessorChecker] - [TCD9773777  ] -  [user:] : Bean 'commonApplicationProperties' of type [com.turkcell.playcell.gamingplatform.common.config.CommonApplicationProperties$$EnhancerBySpringCGLIB$$83eaa612] is not eligible for getting processed by all BeanPostProcessors (for example: not eligible for auto-proxying)
2019-07-04 00:04:48.399 [main           ][INFO ][$BeanPostProcessorChecker] - [TCD9773777  ] -  [user:] : Bean 'redisConfiguration' of type [com.turkcell.playcell.gamingplatform.common.config.RedisConfiguration$$EnhancerBySpringCGLIB$$25dda9b9] is not eligible for getting processed by all BeanPostProcessors (for example: not eligible for auto-proxying)
2019-07-04 00:04:48.429 [main           ][INFO ][GlobalMessagesConfig     ] - [TCD9773777  ] -  [user:] : [Configuration] Internationalization initialized. (OK)
2019-07-04 00:04:48.716 [main           ][INFO ][TomcatWebServer          ] - [TCD9773777  ] -  [user:] : Tomcat initialized with port(s): 8080 (http)
2019-07-04 00:04:48.734 [main           ][INFO ][StandardService          ] - [TCD9773777  ] -  [user:] : Starting service [Tomcat]
2019-07-04 00:04:48.734 [main           ][INFO ][StandardEngine           ] - [TCD9773777  ] -  [user:] : Starting Servlet engine: [Apache Tomcat/9.0.16]
2019-07-04 00:04:48.739 [main           ][INFO ][AprLifecycleListener     ] - [TCD9773777  ] -  [user:] : The APR based Apache Tomcat Native library which allows optimal performance in production environments was not found on the java.library.path: [/Users/ext02d9773/Library/Java/Extensions:/Library/Java/Extensions:/Network/Library/Java/Extensions:/System/Library/Java/Extensions:/usr/lib/java:.]
2019-07-04 00:04:48.808 [main           ][INFO ][[/api]                   ] - [TCD9773777  ] -  [user:] : Initializing Spring embedded WebApplicationContext
2019-07-04 00:04:48.808 [main           ][INFO ][ContextLoader            ] - [TCD9773777  ] -  [user:] : Root WebApplicationContext: initialization completed in 1778 ms
2019-07-04 00:04:49.358 [main           ][INFO ][HikariDataSource         ] - [TCD9773777  ] -  [user:] : HikariPool-1 - Starting...
2019-07-04 00:04:49.763 [main           ][INFO ][PoolBase                 ] - [TCD9773777  ] -  [user:] : HikariPool-1 - Driver does not support get/set network timeout for connections. (oracle.jdbc.driver.T4CConnection.getNetworkTimeout()I)
2019-07-04 00:04:49.798 [main           ][INFO ][HikariDataSource         ] - [TCD9773777  ] -  [user:] : HikariPool-1 - Start completed.
2019-07-04 00:04:49.846 [main           ][INFO ][LogHelper                ] - [TCD9773777  ] -  [user:] : HHH000204: Processing PersistenceUnitInfo [
	name: default
	...]
2019-07-04 00:04:49.895 [main           ][INFO ][Version                  ] - [TCD9773777  ] -  [user:] : HHH000412: Hibernate Core {5.3.7.Final}
2019-07-04 00:04:49.897 [main           ][INFO ][Environment              ] - [TCD9773777  ] -  [user:] : HHH000206: hibernate.properties not found
2019-07-04 00:04:50.026 [main           ][INFO ][Version                  ] - [TCD9773777  ] -  [user:] : HCANN000001: Hibernate Commons Annotations {5.0.4.Final}
2019-07-04 00:04:50.123 [main           ][INFO ][Dialect                  ] - [TCD9773777  ] -  [user:] : HHH000400: Using dialect: org.hibernate.dialect.Oracle10gDialect
2019-07-04 00:04:57.990 [main           ][DEBUG][SQL                      ] - [TCD9773777  ] -  [user:] : alter table game_slug drop constraint UK5rlybeqig343frcjrj60jlq4r
2019-07-04 00:04:58.068 [main           ][DEBUG][SQL                      ] - [TCD9773777  ] -  [user:] : alter table game_slug add constraint UK5rlybeqig343frcjrj60jlq4r unique (url, platform_id, language_id)
2019-07-04 00:05:09.747 [main           ][INFO ][rEntityManagerFactoryBean] - [TCD9773777  ] -  [user:] : Initialized JPA EntityManagerFactory for persistence unit 'default'
2019-07-04 00:05:10.183 [main           ][INFO ][ranslatorFactoryInitiator] - [TCD9773777  ] -  [user:] : HHH000397: Using ASTQueryTranslatorFactory
2019-07-04 00:05:10.427 [main           ][INFO ][JWTToken                 ] - [TCD9773777  ] -  [user:] : [Configuration] JWT Permanent Token mechanizm ready for use with 31556926000 expire miliseconds
2019-07-04 00:05:10.427 [main           ][INFO ][JWTToken                 ] - [TCD9773777  ] -  [user:] : [Configuration] JWT Temporary Token mechanizm ready for use with 1800000 expire miliseconds
2019-07-04 00:05:10.674 [main           ][WARN ][on$JpaWebMvcConfiguration] - [TCD9773777  ] -  [user:] : spring.jpa.open-in-view is enabled by default. Therefore, database queries may be performed during view rendering. Explicitly configure spring.jpa.open-in-view to disable this warning
2019-07-04 00:05:10.809 [main           ][INFO ][EndpointLinksResolver    ] - [TCD9773777  ] -  [user:] : Exposing 2 endpoint(s) beneath base path '/actuator'
2019-07-04 00:05:10.883 [main           ][INFO ][GlobalMessagesConfig     ] - [TCD9773777  ] -  [user:] : localResolver is set to Locale tr.
2019-07-04 00:05:10.902 [main           ][INFO ][uestMappingHandlerMapping] - [TCD9773777  ] -  [user:] : Mapped URL path [/v2/api-docs] onto method [public org.springframework.http.ResponseEntity<springfox.documentation.spring.web.json.Json> springfox.documentation.swagger2.web.Swagger2Controller.getDocumentation(java.lang.String,javax.servlet.http.HttpServletRequest)]
2019-07-04 00:05:11.023 [main           ][INFO ][ThreadPoolTaskExecutor   ] - [TCD9773777  ] -  [user:] : Initializing ExecutorService 'applicationTaskExecutor'
2019-07-04 00:05:11.361 [main           ][INFO ][tationPluginsBootstrapper] - [TCD9773777  ] -  [user:] : Context refreshed
2019-07-04 00:05:11.377 [main           ][INFO ][tationPluginsBootstrapper] - [TCD9773777  ] -  [user:] : Found 1 custom documentation plugin(s)
2019-07-04 00:05:11.407 [main           ][INFO ][piListingReferenceScanner] - [TCD9773777  ] -  [user:] : Scanning for api listing references
2019-07-04 00:05:11.540 [main           ][INFO ][ingOperationNameGenerator] - [TCD9773777  ] -  [user:] : Generating unique operation named: handleUsingGET_1
2019-07-04 00:05:11.542 [main           ][INFO ][ingOperationNameGenerator] - [TCD9773777  ] -  [user:] : Generating unique operation named: handleUsingGET_2
2019-07-04 00:05:11.543 [main           ][INFO ][ingOperationNameGenerator] - [TCD9773777  ] -  [user:] : Generating unique operation named: handleUsingGET_3
2019-07-04 00:05:11.646 [main           ][INFO ][TomcatWebServer          ] - [TCD9773777  ] -  [user:] : Tomcat started on port(s): 8080 (http) with context path '/api'
2019-07-04 00:05:11.649 [main           ][INFO ][SpringBootAppStarter     ] - [TCD9773777  ] -  [user:] : Started SpringBootAppStarter in 25.049 seconds (JVM running for 25.458)
2019-07-04 00:05:37.457 [nio-8080-exec-2][INFO ][[/api]                   ] - [TCD9773777  ] -  [user:] : Initializing Spring DispatcherServlet 'dispatcherServlet'
2019-07-04 00:05:37.457 [nio-8080-exec-2][INFO ][DispatcherServlet        ] - [TCD9773777  ] -  [user:] : Initializing Servlet 'dispatcherServlet'
2019-07-04 00:05:37.467 [nio-8080-exec-2][INFO ][DispatcherServlet        ] - [TCD9773777  ] -  [user:] : Completed initialization in 10 ms
2019-07-04 00:05:55.241 [nio-8080-exec-2][INFO ][GameListController       ] - [TCD9773777  ] -  [user:] : en-Gb
2019-07-04 00:06:13.431 [nio-8080-exec-2][INFO ][SubscriptionInfoService  ] - [TCD9773777  ] -  [user:] : requestSubscriptionInfo: Package Information is LifeCell
2019-07-04 00:06:21.549 [nio-8080-exec-2][INFO ][EpollProvider            ] - [TCD9773777  ] -  [user:] : Starting without optional epoll library
2019-07-04 00:06:21.555 [nio-8080-exec-2][INFO ][KqueueProvider           ] - [TCD9773777  ] -  [user:] : Starting without optional kqueue library
2019-07-04 00:06:22.086 [nio-8080-exec-2][DEBUG][SQL                      ] - [TCD9773777  ] -  [user:] : select game0_.id as id1_7_, game0_.last_modified_by as last_modified_by2_7_, game0_.created_by as created_by3_7_, game0_.create_date as create_date4_7_, game0_.last_modified_date as last_modified_date5_7_, game0_.ftp_account_id as ftp_account_id10_7_, game0_.game_file_id as game_file_id11_7_, game0_.hide_on_categories as hide_on_categories6_7_, game0_.name as name7_7_, game0_.score as score8_7_, game0_.url as url9_7_ from game game0_ inner join game_detail gamedetail1_ on game0_.id=gamedetail1_.game_id inner join game_detail_translation gamedetail2_ on gamedetail1_.id=gamedetail2_.game_detail_id inner join game_slug gameslugs3_ on gamedetail2_.id=gameslugs3_.game_detail_translation_id cross join platform platform4_ cross join language language5_ where gamedetail1_.platform_id=platform4_.id and gamedetail2_.language_id=language5_.id and lower(platform4_.name)=lower(?) and lower(language5_.short_name)=lower(?) and lower(gameslugs3_.url)=lower(?) and gamedetail1_.platform_id=gameslugs3_.platform_id and gamedetail2_.language_id=gameslugs3_.language_id
2019-07-04 00:06:22.101 [nio-8080-exec-2][TRACE][BasicBinder              ] - [TCD9773777  ] -  [user:] : binding parameter [1] as [VARCHAR] - [Android]
2019-07-04 00:06:22.103 [nio-8080-exec-2][TRACE][BasicBinder              ] - [TCD9773777  ] -  [user:] : binding parameter [2] as [VARCHAR] - [tr]
2019-07-04 00:06:22.104 [nio-8080-exec-2][TRACE][BasicBinder              ] - [TCD9773777  ] -  [user:] : binding parameter [3] as [VARCHAR] - [pasta]
2019-07-04 00:06:22.257 [nio-8080-exec-2][DEBUG][SQL                      ] - [TCD9773777  ] -  [user:] : select gamedetail0_.game_id as game_id9_11_0_, gamedetail0_.id as id1_11_0_, gamedetail0_.id as id1_11_1_, gamedetail0_.last_modified_by as last_modified_by2_11_1_, gamedetail0_.created_by as created_by3_11_1_, gamedetail0_.create_date as create_date4_11_1_, gamedetail0_.last_modified_date as last_modified_date5_11_1_, gamedetail0_.game_id as game_id9_11_1_, gamedetail0_.is_active as is_active6_11_1_, gamedetail0_.platform_id as platform_id10_11_1_, gamedetail0_.publish_datetime as publish_datetime7_11_1_, gamedetail0_.unpublish_datetime as unpublish_datetime8_11_1_, platform1_.id as id1_17_2_, platform1_.last_modified_by as last_modified_by2_17_2_, platform1_.created_by as created_by3_17_2_, platform1_.create_date as create_date4_17_2_, platform1_.last_modified_date as last_modified_date5_17_2_, platform1_.ftp_account_id as ftp_account_id7_17_2_, platform1_.image_id as image_id8_17_2_, platform1_.name as name6_17_2_, ftpaccount2_.id as id1_6_3_, ftpaccount2_.last_modified_by as last_modified_by2_6_3_, ftpaccount2_.created_by as created_by3_6_3_, ftpaccount2_.create_date as create_date4_6_3_, ftpaccount2_.last_modified_date as last_modified_date5_6_3_, ftpaccount2_.cdn_base_url as cdn_base_url6_6_3_, ftpaccount2_.host as host7_6_3_, ftpaccount2_.name as name8_6_3_, ftpaccount2_.password as password9_6_3_, ftpaccount2_.path as path10_6_3_, ftpaccount2_.port as port11_6_3_, ftpaccount2_.ftp_user as ftp_user12_6_3_, image3_.id as id1_15_4_, image3_.last_modified_by as last_modified_by2_15_4_, image3_.created_by as created_by3_15_4_, image3_.create_date as create_date4_15_4_, image3_.last_modified_date as last_modified_date5_15_4_, image3_.cdn_url as cdn_url6_15_4_, image3_.ftp_account_id as ftp_account_id9_15_4_, image3_.path as path7_15_4_, image3_.size_id as size_id8_15_4_, ftpaccount4_.id as id1_6_5_, ftpaccount4_.last_modified_by as last_modified_by2_6_5_, ftpaccount4_.created_by as created_by3_6_5_, ftpaccount4_.create_date as create_date4_6_5_, ftpaccount4_.last_modified_date as last_modified_date5_6_5_, ftpaccount4_.cdn_base_url as cdn_base_url6_6_5_, ftpaccount4_.host as host7_6_5_, ftpaccount4_.name as name8_6_5_, ftpaccount4_.password as password9_6_5_, ftpaccount4_.path as path10_6_5_, ftpaccount4_.port as port11_6_5_, ftpaccount4_.ftp_user as ftp_user12_6_5_ from game_detail gamedetail0_ left outer join platform platform1_ on gamedetail0_.platform_id=platform1_.id left outer join ftp_account ftpaccount2_ on platform1_.ftp_account_id=ftpaccount2_.id left outer join image image3_ on platform1_.image_id=image3_.id left outer join ftp_account ftpaccount4_ on image3_.ftp_account_id=ftpaccount4_.id where gamedetail0_.game_id=?
2019-07-04 00:06:22.260 [nio-8080-exec-2][TRACE][BasicBinder              ] - [TCD9773777  ] -  [user:] : binding parameter [1] as [BIGINT] - [224]
2019-07-04 00:06:22.342 [nio-8080-exec-2][DEBUG][SQL                      ] - [TCD9773777  ] -  [user:] : select gamedetail0_.game_detail_id as game_detail_id8_12_0_, gamedetail0_.id as id1_12_0_, gamedetail0_.id as id1_12_1_, gamedetail0_.last_modified_by as last_modified_by2_12_1_, gamedetail0_.created_by as created_by3_12_1_, gamedetail0_.create_date as create_date4_12_1_, gamedetail0_.last_modified_date as last_modified_date5_12_1_, gamedetail0_.description as description6_12_1_, gamedetail0_.game_detail_id as game_detail_id8_12_1_, gamedetail0_.language_id as language_id9_12_1_, gamedetail0_.name as name7_12_1_, language1_.id as id1_16_2_, language1_.last_modified_by as last_modified_by2_16_2_, language1_.created_by as created_by3_16_2_, language1_.create_date as create_date4_16_2_, language1_.last_modified_date as last_modified_date5_16_2_, language1_.name as name6_16_2_, language1_.short_name as short_name7_16_2_ from game_detail_translation gamedetail0_ left outer join language language1_ on gamedetail0_.language_id=language1_.id where gamedetail0_.game_detail_id=?
2019-07-04 00:06:22.344 [nio-8080-exec-2][TRACE][BasicBinder              ] - [TCD9773777  ] -  [user:] : binding parameter [1] as [BIGINT] - [556]
2019-07-04 00:06:22.379 [nio-8080-exec-2][DEBUG][SQL                      ] - [TCD9773777  ] -  [user:] : select gameslugs0_.game_detail_translation_id as game_detail_transl9_14_0_, gameslugs0_.id as id1_14_0_, gameslugs0_.id as id1_14_1_, gameslugs0_.last_modified_by as last_modified_by2_14_1_, gameslugs0_.created_by as created_by3_14_1_, gameslugs0_.create_date as create_date4_14_1_, gameslugs0_.last_modified_date as last_modified_date5_14_1_, gameslugs0_.game_detail_translation_id as game_detail_transl9_14_1_, gameslugs0_.language_id as language_id6_14_1_, gameslugs0_.platform_id as platform_id7_14_1_, gameslugs0_.url as url8_14_1_ from game_slug gameslugs0_ where gameslugs0_.game_detail_translation_id=?
2019-07-04 00:06:22.381 [nio-8080-exec-2][TRACE][BasicBinder              ] - [TCD9773777  ] -  [user:] : binding parameter [1] as [BIGINT] - [687]
2019-07-04 00:06:22.414 [nio-8080-exec-2][DEBUG][SQL                      ] - [TCD9773777  ] -  [user:] : select tariffs0_.game_detail_id as game_detail_id1_9_0_, tariffs0_.tariff_id as tariff_id2_9_0_, tariff1_.id as id1_24_1_, tariff1_.last_modified_by as last_modified_by2_24_1_, tariff1_.created_by as created_by3_24_1_, tariff1_.create_date as create_date4_24_1_, tariff1_.last_modified_date as last_modified_date5_24_1_, tariff1_.grade as grade6_24_1_, tariff1_.label as label7_24_1_, tariff1_.name as name8_24_1_, tariff1_.offer_id as offer_id9_24_1_, tariff1_.package_name as package_name10_24_1_, tariff1_.provisioning_id as provisioning_id11_24_1_ from game_detail_tariff tariffs0_ inner join tariff tariff1_ on tariffs0_.tariff_id=tariff1_.id where tariffs0_.game_detail_id=?
2019-07-04 00:06:22.417 [nio-8080-exec-2][TRACE][BasicBinder              ] - [TCD9773777  ] -  [user:] : binding parameter [1] as [BIGINT] - [556]
2019-07-04 00:07:06.842 [main           ][INFO ][SpringBootAppStarter     ] - [TCD9773777  ] -  [user:] : Starting SpringBootAppStarter on TCD9773777 with PID 1628 (/Users/ext02d9773/Documents/GitHub/gamingplatform/gamingplatform-api/target/classes started by ext02d9773 in /Users/ext02d9773/Documents/GitHub/gamingplatform/gamingplatform-api)
2019-07-04 00:07:06.844 [main           ][INFO ][SpringBootAppStarter     ] - [TCD9773777  ] -  [user:] : The following profiles are active: common,integration-mobileconnect
2019-07-04 00:07:07.625 [main           ][INFO ][toryConfigurationDelegate] - [TCD9773777  ] -  [user:] : Multiple Spring Data modules found, entering strict repository configuration mode!
2019-07-04 00:07:07.626 [main           ][INFO ][toryConfigurationDelegate] - [TCD9773777  ] -  [user:] : Bootstrapping Spring Data repositories in DEFAULT mode.
2019-07-04 00:07:07.704 [main           ][INFO ][toryConfigurationDelegate] - [TCD9773777  ] -  [user:] : Finished Spring Data repository scanning in 74ms. Found 11 repository interfaces.
2019-07-04 00:07:08.009 [main           ][INFO ][$BeanPostProcessorChecker] - [TCD9773777  ] -  [user:] : Bean 'org.springframework.ws.config.annotation.DelegatingWsConfiguration' of type [org.springframework.ws.config.annotation.DelegatingWsConfiguration$$EnhancerBySpringCGLIB$$3cc7b62a] is not eligible for getting processed by all BeanPostProcessors (for example: not eligible for auto-proxying)
2019-07-04 00:07:08.032 [main           ][INFO ][tionActionEndpointMapping] - [TCD9773777  ] -  [user:] : Supporting [WS-Addressing August 2004, WS-Addressing 1.0]
2019-07-04 00:07:08.065 [main           ][INFO ][$BeanPostProcessorChecker] - [TCD9773777  ] -  [user:] : Bean 'org.springframework.transaction.annotation.ProxyTransactionManagementConfiguration' of type [org.springframework.transaction.annotation.ProxyTransactionManagementConfiguration$$EnhancerBySpringCGLIB$$982ff12b] is not eligible for getting processed by all BeanPostProcessors (for example: not eligible for auto-proxying)
2019-07-04 00:07:08.083 [main           ][INFO ][$BeanPostProcessorChecker] - [TCD9773777  ] -  [user:] : Bean 'commonApplicationProperties' of type [com.turkcell.playcell.gamingplatform.common.config.CommonApplicationProperties$$EnhancerBySpringCGLIB$$35ee2de6] is not eligible for getting processed by all BeanPostProcessors (for example: not eligible for auto-proxying)
2019-07-04 00:07:08.085 [main           ][INFO ][$BeanPostProcessorChecker] - [TCD9773777  ] -  [user:] : Bean 'redisConfiguration' of type [com.turkcell.playcell.gamingplatform.common.config.RedisConfiguration$$EnhancerBySpringCGLIB$$d7e1318d] is not eligible for getting processed by all BeanPostProcessors (for example: not eligible for auto-proxying)
2019-07-04 00:07:08.107 [main           ][INFO ][GlobalMessagesConfig     ] - [TCD9773777  ] -  [user:] : [Configuration] Internationalization initialized. (OK)
2019-07-04 00:07:08.312 [main           ][INFO ][TomcatWebServer          ] - [TCD9773777  ] -  [user:] : Tomcat initialized with port(s): 8080 (http)
2019-07-04 00:07:08.328 [main           ][INFO ][StandardService          ] - [TCD9773777  ] -  [user:] : Starting service [Tomcat]
2019-07-04 00:07:08.328 [main           ][INFO ][StandardEngine           ] - [TCD9773777  ] -  [user:] : Starting Servlet engine: [Apache Tomcat/9.0.16]
2019-07-04 00:07:08.333 [main           ][INFO ][AprLifecycleListener     ] - [TCD9773777  ] -  [user:] : The APR based Apache Tomcat Native library which allows optimal performance in production environments was not found on the java.library.path: [/Users/ext02d9773/Library/Java/Extensions:/Library/Java/Extensions:/Network/Library/Java/Extensions:/System/Library/Java/Extensions:/usr/lib/java:.]
2019-07-04 00:07:08.443 [main           ][INFO ][[/api]                   ] - [TCD9773777  ] -  [user:] : Initializing Spring embedded WebApplicationContext
2019-07-04 00:07:08.443 [main           ][INFO ][ContextLoader            ] - [TCD9773777  ] -  [user:] : Root WebApplicationContext: initialization completed in 1576 ms
2019-07-04 00:07:08.931 [main           ][INFO ][HikariDataSource         ] - [TCD9773777  ] -  [user:] : HikariPool-1 - Starting...
2019-07-04 00:07:09.296 [main           ][INFO ][PoolBase                 ] - [TCD9773777  ] -  [user:] : HikariPool-1 - Driver does not support get/set network timeout for connections. (oracle.jdbc.driver.T4CConnection.getNetworkTimeout()I)
2019-07-04 00:07:09.325 [main           ][INFO ][HikariDataSource         ] - [TCD9773777  ] -  [user:] : HikariPool-1 - Start completed.
2019-07-04 00:07:09.366 [main           ][INFO ][LogHelper                ] - [TCD9773777  ] -  [user:] : HHH000204: Processing PersistenceUnitInfo [
	name: default
	...]
2019-07-04 00:07:09.416 [main           ][INFO ][Version                  ] - [TCD9773777  ] -  [user:] : HHH000412: Hibernate Core {5.3.7.Final}
2019-07-04 00:07:09.418 [main           ][INFO ][Environment              ] - [TCD9773777  ] -  [user:] : HHH000206: hibernate.properties not found
2019-07-04 00:07:09.508 [main           ][INFO ][Version                  ] - [TCD9773777  ] -  [user:] : HCANN000001: Hibernate Commons Annotations {5.0.4.Final}
2019-07-04 00:07:09.599 [main           ][INFO ][Dialect                  ] - [TCD9773777  ] -  [user:] : HHH000400: Using dialect: org.hibernate.dialect.Oracle10gDialect
2019-07-04 00:07:17.273 [main           ][DEBUG][SQL                      ] - [TCD9773777  ] -  [user:] : alter table game_slug drop constraint UK5rlybeqig343frcjrj60jlq4r
2019-07-04 00:07:17.340 [main           ][DEBUG][SQL                      ] - [TCD9773777  ] -  [user:] : alter table game_slug add constraint UK5rlybeqig343frcjrj60jlq4r unique (url, platform_id, language_id)
2019-07-04 00:07:28.004 [main           ][INFO ][rEntityManagerFactoryBean] - [TCD9773777  ] -  [user:] : Initialized JPA EntityManagerFactory for persistence unit 'default'
2019-07-04 00:07:28.380 [main           ][INFO ][ranslatorFactoryInitiator] - [TCD9773777  ] -  [user:] : HHH000397: Using ASTQueryTranslatorFactory
2019-07-04 00:07:28.585 [main           ][INFO ][JWTToken                 ] - [TCD9773777  ] -  [user:] : [Configuration] JWT Permanent Token mechanizm ready for use with 31556926000 expire miliseconds
2019-07-04 00:07:28.586 [main           ][INFO ][JWTToken                 ] - [TCD9773777  ] -  [user:] : [Configuration] JWT Temporary Token mechanizm ready for use with 1800000 expire miliseconds
2019-07-04 00:07:28.794 [main           ][WARN ][on$JpaWebMvcConfiguration] - [TCD9773777  ] -  [user:] : spring.jpa.open-in-view is enabled by default. Therefore, database queries may be performed during view rendering. Explicitly configure spring.jpa.open-in-view to disable this warning
2019-07-04 00:07:28.909 [main           ][INFO ][EndpointLinksResolver    ] - [TCD9773777  ] -  [user:] : Exposing 2 endpoint(s) beneath base path '/actuator'
2019-07-04 00:07:28.970 [main           ][INFO ][GlobalMessagesConfig     ] - [TCD9773777  ] -  [user:] : localResolver is set to Locale tr.
2019-07-04 00:07:28.985 [main           ][INFO ][uestMappingHandlerMapping] - [TCD9773777  ] -  [user:] : Mapped URL path [/v2/api-docs] onto method [public org.springframework.http.ResponseEntity<springfox.documentation.spring.web.json.Json> springfox.documentation.swagger2.web.Swagger2Controller.getDocumentation(java.lang.String,javax.servlet.http.HttpServletRequest)]
2019-07-04 00:07:29.090 [main           ][INFO ][ThreadPoolTaskExecutor   ] - [TCD9773777  ] -  [user:] : Initializing ExecutorService 'applicationTaskExecutor'
2019-07-04 00:07:29.378 [main           ][INFO ][tationPluginsBootstrapper] - [TCD9773777  ] -  [user:] : Context refreshed
2019-07-04 00:07:29.391 [main           ][INFO ][tationPluginsBootstrapper] - [TCD9773777  ] -  [user:] : Found 1 custom documentation plugin(s)
2019-07-04 00:07:29.416 [main           ][INFO ][piListingReferenceScanner] - [TCD9773777  ] -  [user:] : Scanning for api listing references
2019-07-04 00:07:29.536 [main           ][INFO ][ingOperationNameGenerator] - [TCD9773777  ] -  [user:] : Generating unique operation named: handleUsingGET_1
2019-07-04 00:07:29.537 [main           ][INFO ][ingOperationNameGenerator] - [TCD9773777  ] -  [user:] : Generating unique operation named: handleUsingGET_2
2019-07-04 00:07:29.539 [main           ][INFO ][ingOperationNameGenerator] - [TCD9773777  ] -  [user:] : Generating unique operation named: handleUsingGET_3
2019-07-04 00:07:29.619 [main           ][INFO ][TomcatWebServer          ] - [TCD9773777  ] -  [user:] : Tomcat started on port(s): 8080 (http) with context path '/api'
2019-07-04 00:07:29.622 [main           ][INFO ][SpringBootAppStarter     ] - [TCD9773777  ] -  [user:] : Started SpringBootAppStarter in 23.09 seconds (JVM running for 23.46)
2019-07-04 00:07:41.665 [nio-8080-exec-2][INFO ][[/api]                   ] - [TCD9773777  ] -  [user:] : Initializing Spring DispatcherServlet 'dispatcherServlet'
2019-07-04 00:07:41.665 [nio-8080-exec-2][INFO ][DispatcherServlet        ] - [TCD9773777  ] -  [user:] : Initializing Servlet 'dispatcherServlet'
2019-07-04 00:07:41.675 [nio-8080-exec-2][INFO ][DispatcherServlet        ] - [TCD9773777  ] -  [user:] : Completed initialization in 10 ms
2019-07-04 00:07:41.705 [nio-8080-exec-2][INFO ][GameListController       ] - [TCD9773777  ] -  [user:] : tr
2019-07-04 00:07:42.089 [nio-8080-exec-2][INFO ][SubscriptionInfoService  ] - [TCD9773777  ] -  [user:] : requestSubscriptionInfo: Package Information is LifeCell
2019-07-04 00:07:42.170 [nio-8080-exec-2][INFO ][EpollProvider            ] - [TCD9773777  ] -  [user:] : Starting without optional epoll library
2019-07-04 00:07:42.171 [nio-8080-exec-2][INFO ][KqueueProvider           ] - [TCD9773777  ] -  [user:] : Starting without optional kqueue library
2019-07-04 00:07:48.238 [nio-8080-exec-3][INFO ][GameListController       ] - [TCD9773777  ] -  [user:] : en-Gb
2019-07-04 00:07:48.348 [nio-8080-exec-3][INFO ][SubscriptionInfoService  ] - [TCD9773777  ] -  [user:] : requestSubscriptionInfo: Package Information is LifeCell
2019-07-04 00:08:00.210 [nio-8080-exec-4][INFO ][GameListController       ] - [TCD9773777  ] -  [user:] : en-Gb
2019-07-04 00:08:00.317 [nio-8080-exec-4][INFO ][SubscriptionInfoService  ] - [TCD9773777  ] -  [user:] : requestSubscriptionInfo: Package Information is LifeCell
2019-07-04 00:08:08.166 [nio-8080-exec-5][INFO ][GameListController       ] - [TCD9773777  ] -  [user:] : tr-TR
2019-07-04 00:08:08.285 [nio-8080-exec-5][INFO ][SubscriptionInfoService  ] - [TCD9773777  ] -  [user:] : requestSubscriptionInfo: Package Information is LifeCell
2019-07-04 00:08:38.672 [nio-8080-exec-6][INFO ][GameListController       ] - [TCD9773777  ] -  [user:] : tr
2019-07-04 00:08:38.775 [nio-8080-exec-6][INFO ][SubscriptionInfoService  ] - [TCD9773777  ] -  [user:] : requestSubscriptionInfo: Package Information is LifeCell
2019-07-04 00:08:43.125 [nio-8080-exec-7][INFO ][GameListController       ] - [TCD9773777  ] -  [user:] : tr-TR
2019-07-04 00:08:43.183 [nio-8080-exec-7][INFO ][SubscriptionInfoService  ] - [TCD9773777  ] -  [user:] : requestSubscriptionInfo: Package Information is LifeCell
2019-07-04 00:08:54.408 [on(4)-127.0.0.1][INFO ][ar$SpringApplicationAdmin] - [TCD9773777  ] -  [user:] : Application shutdown requested.
2019-07-04 00:08:54.418 [on(4)-127.0.0.1][INFO ][ThreadPoolTaskExecutor   ] - [TCD9773777  ] -  [user:] : Shutting down ExecutorService 'applicationTaskExecutor'
2019-07-04 00:08:54.421 [on(4)-127.0.0.1][INFO ][rEntityManagerFactoryBean] - [TCD9773777  ] -  [user:] : Closing JPA EntityManagerFactory for persistence unit 'default'
2019-07-04 00:08:54.423 [on(4)-127.0.0.1][INFO ][HikariDataSource         ] - [TCD9773777  ] -  [user:] : HikariPool-1 - Shutdown initiated...
2019-07-04 00:08:54.692 [on(4)-127.0.0.1][INFO ][HikariDataSource         ] - [TCD9773777  ] -  [user:] : HikariPool-1 - Shutdown completed.
2019-07-04 00:09:21.231 [main           ][INFO ][SpringBootAppStarter     ] - [TCD9773777  ] -  [user:] : Starting SpringBootAppStarter on TCD9773777 with PID 1631 (/Users/ext02d9773/Documents/GitHub/gamingplatform/gamingplatform-api/target/classes started by ext02d9773 in /Users/ext02d9773/Documents/GitHub/gamingplatform/gamingplatform-api)
2019-07-04 00:09:21.233 [main           ][INFO ][SpringBootAppStarter     ] - [TCD9773777  ] -  [user:] : The following profiles are active: common,integration-mobileconnect
2019-07-04 00:09:21.943 [main           ][INFO ][toryConfigurationDelegate] - [TCD9773777  ] -  [user:] : Multiple Spring Data modules found, entering strict repository configuration mode!
2019-07-04 00:09:21.943 [main           ][INFO ][toryConfigurationDelegate] - [TCD9773777  ] -  [user:] : Bootstrapping Spring Data repositories in DEFAULT mode.
2019-07-04 00:09:22.011 [main           ][INFO ][toryConfigurationDelegate] - [TCD9773777  ] -  [user:] : Finished Spring Data repository scanning in 64ms. Found 11 repository interfaces.
2019-07-04 00:09:22.274 [main           ][INFO ][$BeanPostProcessorChecker] - [TCD9773777  ] -  [user:] : Bean 'org.springframework.ws.config.annotation.DelegatingWsConfiguration' of type [org.springframework.ws.config.annotation.DelegatingWsConfiguration$$EnhancerBySpringCGLIB$$d7fd0aaf] is not eligible for getting processed by all BeanPostProcessors (for example: not eligible for auto-proxying)
2019-07-04 00:09:22.297 [main           ][INFO ][tionActionEndpointMapping] - [TCD9773777  ] -  [user:] : Supporting [WS-Addressing August 2004, WS-Addressing 1.0]
2019-07-04 00:09:22.329 [main           ][INFO ][$BeanPostProcessorChecker] - [TCD9773777  ] -  [user:] : Bean 'org.springframework.transaction.annotation.ProxyTransactionManagementConfiguration' of type [org.springframework.transaction.annotation.ProxyTransactionManagementConfiguration$$EnhancerBySpringCGLIB$$336545b0] is not eligible for getting processed by all BeanPostProcessors (for example: not eligible for auto-proxying)
2019-07-04 00:09:22.347 [main           ][INFO ][$BeanPostProcessorChecker] - [TCD9773777  ] -  [user:] : Bean 'commonApplicationProperties' of type [com.turkcell.playcell.gamingplatform.common.config.CommonApplicationProperties$$EnhancerBySpringCGLIB$$d123826b] is not eligible for getting processed by all BeanPostProcessors (for example: not eligible for auto-proxying)
2019-07-04 00:09:22.348 [main           ][INFO ][$BeanPostProcessorChecker] - [TCD9773777  ] -  [user:] : Bean 'redisConfiguration' of type [com.turkcell.playcell.gamingplatform.common.config.RedisConfiguration$$EnhancerBySpringCGLIB$$73168612] is not eligible for getting processed by all BeanPostProcessors (for example: not eligible for auto-proxying)
2019-07-04 00:09:22.370 [main           ][INFO ][GlobalMessagesConfig     ] - [TCD9773777  ] -  [user:] : [Configuration] Internationalization initialized. (OK)
2019-07-04 00:09:22.620 [main           ][INFO ][TomcatWebServer          ] - [TCD9773777  ] -  [user:] : Tomcat initialized with port(s): 8080 (http)
2019-07-04 00:09:22.636 [main           ][INFO ][StandardService          ] - [TCD9773777  ] -  [user:] : Starting service [Tomcat]
2019-07-04 00:09:22.636 [main           ][INFO ][StandardEngine           ] - [TCD9773777  ] -  [user:] : Starting Servlet engine: [Apache Tomcat/9.0.16]
2019-07-04 00:09:22.641 [main           ][INFO ][AprLifecycleListener     ] - [TCD9773777  ] -  [user:] : The APR based Apache Tomcat Native library which allows optimal performance in production environments was not found on the java.library.path: [/Users/ext02d9773/Library/Java/Extensions:/Library/Java/Extensions:/Network/Library/Java/Extensions:/System/Library/Java/Extensions:/usr/lib/java:.]
2019-07-04 00:09:22.702 [main           ][INFO ][[/api]                   ] - [TCD9773777  ] -  [user:] : Initializing Spring embedded WebApplicationContext
2019-07-04 00:09:22.702 [main           ][INFO ][ContextLoader            ] - [TCD9773777  ] -  [user:] : Root WebApplicationContext: initialization completed in 1445 ms
2019-07-04 00:09:23.189 [main           ][INFO ][HikariDataSource         ] - [TCD9773777  ] -  [user:] : HikariPool-1 - Starting...
2019-07-04 00:09:23.542 [main           ][INFO ][PoolBase                 ] - [TCD9773777  ] -  [user:] : HikariPool-1 - Driver does not support get/set network timeout for connections. (oracle.jdbc.driver.T4CConnection.getNetworkTimeout()I)
2019-07-04 00:09:23.573 [main           ][INFO ][HikariDataSource         ] - [TCD9773777  ] -  [user:] : HikariPool-1 - Start completed.
2019-07-04 00:09:23.613 [main           ][INFO ][LogHelper                ] - [TCD9773777  ] -  [user:] : HHH000204: Processing PersistenceUnitInfo [
	name: default
	...]
2019-07-04 00:09:23.660 [main           ][INFO ][Version                  ] - [TCD9773777  ] -  [user:] : HHH000412: Hibernate Core {5.3.7.Final}
2019-07-04 00:09:23.662 [main           ][INFO ][Environment              ] - [TCD9773777  ] -  [user:] : HHH000206: hibernate.properties not found
2019-07-04 00:09:23.754 [main           ][INFO ][Version                  ] - [TCD9773777  ] -  [user:] : HCANN000001: Hibernate Commons Annotations {5.0.4.Final}
2019-07-04 00:09:23.847 [main           ][INFO ][Dialect                  ] - [TCD9773777  ] -  [user:] : HHH000400: Using dialect: org.hibernate.dialect.Oracle10gDialect
2019-07-04 00:09:31.374 [main           ][DEBUG][SQL                      ] - [TCD9773777  ] -  [user:] : alter table game_slug drop constraint UK5rlybeqig343frcjrj60jlq4r
2019-07-04 00:09:31.463 [main           ][DEBUG][SQL                      ] - [TCD9773777  ] -  [user:] : alter table game_slug add constraint UK5rlybeqig343frcjrj60jlq4r unique (url, platform_id, language_id)
2019-07-04 00:09:42.077 [main           ][INFO ][rEntityManagerFactoryBean] - [TCD9773777  ] -  [user:] : Initialized JPA EntityManagerFactory for persistence unit 'default'
2019-07-04 00:09:42.445 [main           ][INFO ][ranslatorFactoryInitiator] - [TCD9773777  ] -  [user:] : HHH000397: Using ASTQueryTranslatorFactory
2019-07-04 00:09:42.645 [main           ][INFO ][JWTToken                 ] - [TCD9773777  ] -  [user:] : [Configuration] JWT Permanent Token mechanizm ready for use with 31556926000 expire miliseconds
2019-07-04 00:09:42.646 [main           ][INFO ][JWTToken                 ] - [TCD9773777  ] -  [user:] : [Configuration] JWT Temporary Token mechanizm ready for use with 1800000 expire miliseconds
2019-07-04 00:09:42.853 [main           ][WARN ][on$JpaWebMvcConfiguration] - [TCD9773777  ] -  [user:] : spring.jpa.open-in-view is enabled by default. Therefore, database queries may be performed during view rendering. Explicitly configure spring.jpa.open-in-view to disable this warning
2019-07-04 00:09:42.966 [main           ][INFO ][EndpointLinksResolver    ] - [TCD9773777  ] -  [user:] : Exposing 2 endpoint(s) beneath base path '/actuator'
2019-07-04 00:09:43.029 [main           ][INFO ][GlobalMessagesConfig     ] - [TCD9773777  ] -  [user:] : localResolver is set to Locale tr.
2019-07-04 00:09:43.044 [main           ][INFO ][uestMappingHandlerMapping] - [TCD9773777  ] -  [user:] : Mapped URL path [/v2/api-docs] onto method [public org.springframework.http.ResponseEntity<springfox.documentation.spring.web.json.Json> springfox.documentation.swagger2.web.Swagger2Controller.getDocumentation(java.lang.String,javax.servlet.http.HttpServletRequest)]
2019-07-04 00:09:43.148 [main           ][INFO ][ThreadPoolTaskExecutor   ] - [TCD9773777  ] -  [user:] : Initializing ExecutorService 'applicationTaskExecutor'
2019-07-04 00:09:43.440 [main           ][INFO ][tationPluginsBootstrapper] - [TCD9773777  ] -  [user:] : Context refreshed
2019-07-04 00:09:43.454 [main           ][INFO ][tationPluginsBootstrapper] - [TCD9773777  ] -  [user:] : Found 1 custom documentation plugin(s)
2019-07-04 00:09:43.477 [main           ][INFO ][piListingReferenceScanner] - [TCD9773777  ] -  [user:] : Scanning for api listing references
2019-07-04 00:09:43.592 [main           ][INFO ][ingOperationNameGenerator] - [TCD9773777  ] -  [user:] : Generating unique operation named: handleUsingGET_1
2019-07-04 00:09:43.594 [main           ][INFO ][ingOperationNameGenerator] - [TCD9773777  ] -  [user:] : Generating unique operation named: handleUsingGET_2
2019-07-04 00:09:43.595 [main           ][INFO ][ingOperationNameGenerator] - [TCD9773777  ] -  [user:] : Generating unique operation named: handleUsingGET_3
2019-07-04 00:09:43.681 [main           ][INFO ][TomcatWebServer          ] - [TCD9773777  ] -  [user:] : Tomcat started on port(s): 8080 (http) with context path '/api'
2019-07-04 00:09:43.683 [main           ][INFO ][SpringBootAppStarter     ] - [TCD9773777  ] -  [user:] : Started SpringBootAppStarter in 22.763 seconds (JVM running for 23.135)
2019-07-04 00:09:51.492 [nio-8080-exec-1][INFO ][[/api]                   ] - [TCD9773777  ] -  [user:] : Initializing Spring DispatcherServlet 'dispatcherServlet'
2019-07-04 00:09:51.492 [nio-8080-exec-1][INFO ][DispatcherServlet        ] - [TCD9773777  ] -  [user:] : Initializing Servlet 'dispatcherServlet'
2019-07-04 00:09:51.501 [nio-8080-exec-1][INFO ][DispatcherServlet        ] - [TCD9773777  ] -  [user:] : Completed initialization in 8 ms
2019-07-04 00:09:51.531 [nio-8080-exec-1][INFO ][GameListController       ] - [TCD9773777  ] -  [user:] : tr
2019-07-04 00:09:51.902 [nio-8080-exec-1][INFO ][SubscriptionInfoService  ] - [TCD9773777  ] -  [user:] : requestSubscriptionInfo: Package Information is LifeCell
2019-07-04 00:09:51.984 [nio-8080-exec-1][INFO ][EpollProvider            ] - [TCD9773777  ] -  [user:] : Starting without optional epoll library
2019-07-04 00:09:51.985 [nio-8080-exec-1][INFO ][KqueueProvider           ] - [TCD9773777  ] -  [user:] : Starting without optional kqueue library
2019-07-04 00:10:00.622 [nio-8080-exec-3][INFO ][GameListController       ] - [TCD9773777  ] -  [user:] : tr-TR
2019-07-04 00:10:00.731 [nio-8080-exec-3][INFO ][SubscriptionInfoService  ] - [TCD9773777  ] -  [user:] : requestSubscriptionInfo: Package Information is LifeCell
2019-07-04 00:10:14.676 [nio-8080-exec-4][INFO ][GameListController       ] - [TCD9773777  ] -  [user:] : tr-TR
2019-07-04 00:10:14.780 [nio-8080-exec-4][INFO ][SubscriptionInfoService  ] - [TCD9773777  ] -  [user:] : requestSubscriptionInfo: Package Information is LifeCell
2019-07-04 00:10:41.238 [nio-8080-exec-5][INFO ][GameListController       ] - [TCD9773777  ] -  [user:] : fr
2019-07-04 00:10:41.357 [nio-8080-exec-5][INFO ][SubscriptionInfoService  ] - [TCD9773777  ] -  [user:] : requestSubscriptionInfo: Package Information is LifeCell
2019-07-04 00:10:47.068 [nio-8080-exec-6][INFO ][GameListController       ] - [TCD9773777  ] -  [user:] : fr-FR
2019-07-04 00:10:47.183 [nio-8080-exec-6][INFO ][SubscriptionInfoService  ] - [TCD9773777  ] -  [user:] : requestSubscriptionInfo: Package Information is LifeCell
2019-07-04 00:11:05.456 [on(4)-127.0.0.1][INFO ][ar$SpringApplicationAdmin] - [TCD9773777  ] -  [user:] : Application shutdown requested.
2019-07-04 00:11:05.466 [on(4)-127.0.0.1][INFO ][ThreadPoolTaskExecutor   ] - [TCD9773777  ] -  [user:] : Shutting down ExecutorService 'applicationTaskExecutor'
2019-07-04 00:11:05.469 [on(4)-127.0.0.1][INFO ][rEntityManagerFactoryBean] - [TCD9773777  ] -  [user:] : Closing JPA EntityManagerFactory for persistence unit 'default'
2019-07-04 00:11:05.471 [on(4)-127.0.0.1][INFO ][HikariDataSource         ] - [TCD9773777  ] -  [user:] : HikariPool-1 - Shutdown initiated...
2019-07-04 00:11:05.728 [on(4)-127.0.0.1][INFO ][HikariDataSource         ] - [TCD9773777  ] -  [user:] : HikariPool-1 - Shutdown completed.
2019-07-04 00:15:01.355 [main           ][INFO ][SpringBootAppStarter     ] - [TCD9773777  ] -  [user:] : Starting SpringBootAppStarter on TCD9773777 with PID 1633 (/Users/ext02d9773/Documents/GitHub/gamingplatform/gamingplatform-api/target/classes started by ext02d9773 in /Users/ext02d9773/Documents/GitHub/gamingplatform/gamingplatform-api)
2019-07-04 00:15:01.358 [main           ][INFO ][SpringBootAppStarter     ] - [TCD9773777  ] -  [user:] : The following profiles are active: common,integration-mobileconnect
2019-07-04 00:15:02.233 [main           ][INFO ][toryConfigurationDelegate] - [TCD9773777  ] -  [user:] : Multiple Spring Data modules found, entering strict repository configuration mode!
2019-07-04 00:15:02.233 [main           ][INFO ][toryConfigurationDelegate] - [TCD9773777  ] -  [user:] : Bootstrapping Spring Data repositories in DEFAULT mode.
2019-07-04 00:15:02.314 [main           ][INFO ][toryConfigurationDelegate] - [TCD9773777  ] -  [user:] : Finished Spring Data repository scanning in 75ms. Found 11 repository interfaces.
2019-07-04 00:15:02.630 [main           ][INFO ][$BeanPostProcessorChecker] - [TCD9773777  ] -  [user:] : Bean 'org.springframework.ws.config.annotation.DelegatingWsConfiguration' of type [org.springframework.ws.config.annotation.DelegatingWsConfiguration$$EnhancerBySpringCGLIB$$b8686aa6] is not eligible for getting processed by all BeanPostProcessors (for example: not eligible for auto-proxying)
2019-07-04 00:15:02.656 [main           ][INFO ][tionActionEndpointMapping] - [TCD9773777  ] -  [user:] : Supporting [WS-Addressing August 2004, WS-Addressing 1.0]
2019-07-04 00:15:02.694 [main           ][INFO ][$BeanPostProcessorChecker] - [TCD9773777  ] -  [user:] : Bean 'org.springframework.transaction.annotation.ProxyTransactionManagementConfiguration' of type [org.springframework.transaction.annotation.ProxyTransactionManagementConfiguration$$EnhancerBySpringCGLIB$$13d0a5a7] is not eligible for getting processed by all BeanPostProcessors (for example: not eligible for auto-proxying)
2019-07-04 00:15:02.716 [main           ][INFO ][$BeanPostProcessorChecker] - [TCD9773777  ] -  [user:] : Bean 'commonApplicationProperties' of type [com.turkcell.playcell.gamingplatform.common.config.CommonApplicationProperties$$EnhancerBySpringCGLIB$$b18ee262] is not eligible for getting processed by all BeanPostProcessors (for example: not eligible for auto-proxying)
2019-07-04 00:15:02.719 [main           ][INFO ][$BeanPostProcessorChecker] - [TCD9773777  ] -  [user:] : Bean 'redisConfiguration' of type [com.turkcell.playcell.gamingplatform.common.config.RedisConfiguration$$EnhancerBySpringCGLIB$$5381e609] is not eligible for getting processed by all BeanPostProcessors (for example: not eligible for auto-proxying)
2019-07-04 00:15:02.743 [main           ][INFO ][GlobalMessagesConfig     ] - [TCD9773777  ] -  [user:] : [Configuration] Internationalization initialized. (OK)
2019-07-04 00:15:03.023 [main           ][INFO ][TomcatWebServer          ] - [TCD9773777  ] -  [user:] : Tomcat initialized with port(s): 8080 (http)
2019-07-04 00:15:03.040 [main           ][INFO ][StandardService          ] - [TCD9773777  ] -  [user:] : Starting service [Tomcat]
2019-07-04 00:15:03.040 [main           ][INFO ][StandardEngine           ] - [TCD9773777  ] -  [user:] : Starting Servlet engine: [Apache Tomcat/9.0.16]
2019-07-04 00:15:03.046 [main           ][INFO ][AprLifecycleListener     ] - [TCD9773777  ] -  [user:] : The APR based Apache Tomcat Native library which allows optimal performance in production environments was not found on the java.library.path: [/Users/ext02d9773/Library/Java/Extensions:/Library/Java/Extensions:/Network/Library/Java/Extensions:/System/Library/Java/Extensions:/usr/lib/java:.]
2019-07-04 00:15:03.114 [main           ][INFO ][[/api]                   ] - [TCD9773777  ] -  [user:] : Initializing Spring embedded WebApplicationContext
2019-07-04 00:15:03.115 [main           ][INFO ][ContextLoader            ] - [TCD9773777  ] -  [user:] : Root WebApplicationContext: initialization completed in 1729 ms
2019-07-04 00:15:03.668 [main           ][INFO ][HikariDataSource         ] - [TCD9773777  ] -  [user:] : HikariPool-1 - Starting...
2019-07-04 00:15:04.050 [main           ][INFO ][PoolBase                 ] - [TCD9773777  ] -  [user:] : HikariPool-1 - Driver does not support get/set network timeout for connections. (oracle.jdbc.driver.T4CConnection.getNetworkTimeout()I)
2019-07-04 00:15:04.077 [main           ][INFO ][HikariDataSource         ] - [TCD9773777  ] -  [user:] : HikariPool-1 - Start completed.
2019-07-04 00:15:04.119 [main           ][INFO ][LogHelper                ] - [TCD9773777  ] -  [user:] : HHH000204: Processing PersistenceUnitInfo [
	name: default
	...]
2019-07-04 00:15:04.185 [main           ][INFO ][Version                  ] - [TCD9773777  ] -  [user:] : HHH000412: Hibernate Core {5.3.7.Final}
2019-07-04 00:15:04.186 [main           ][INFO ][Environment              ] - [TCD9773777  ] -  [user:] : HHH000206: hibernate.properties not found
2019-07-04 00:15:04.300 [main           ][INFO ][Version                  ] - [TCD9773777  ] -  [user:] : HCANN000001: Hibernate Commons Annotations {5.0.4.Final}
2019-07-04 00:15:04.405 [main           ][INFO ][Dialect                  ] - [TCD9773777  ] -  [user:] : HHH000400: Using dialect: org.hibernate.dialect.Oracle10gDialect
2019-07-04 00:15:11.820 [main           ][DEBUG][SQL                      ] - [TCD9773777  ] -  [user:] : alter table game_slug drop constraint UK5rlybeqig343frcjrj60jlq4r
2019-07-04 00:15:11.887 [main           ][DEBUG][SQL                      ] - [TCD9773777  ] -  [user:] : alter table game_slug add constraint UK5rlybeqig343frcjrj60jlq4r unique (url, platform_id, language_id)
2019-07-04 00:15:22.278 [main           ][INFO ][rEntityManagerFactoryBean] - [TCD9773777  ] -  [user:] : Initialized JPA EntityManagerFactory for persistence unit 'default'
2019-07-04 00:15:22.707 [main           ][INFO ][ranslatorFactoryInitiator] - [TCD9773777  ] -  [user:] : HHH000397: Using ASTQueryTranslatorFactory
2019-07-04 00:15:22.939 [main           ][INFO ][JWTToken                 ] - [TCD9773777  ] -  [user:] : [Configuration] JWT Permanent Token mechanizm ready for use with 31556926000 expire miliseconds
2019-07-04 00:15:22.939 [main           ][INFO ][JWTToken                 ] - [TCD9773777  ] -  [user:] : [Configuration] JWT Temporary Token mechanizm ready for use with 1800000 expire miliseconds
2019-07-04 00:15:23.171 [main           ][WARN ][on$JpaWebMvcConfiguration] - [TCD9773777  ] -  [user:] : spring.jpa.open-in-view is enabled by default. Therefore, database queries may be performed during view rendering. Explicitly configure spring.jpa.open-in-view to disable this warning
2019-07-04 00:15:23.302 [main           ][INFO ][EndpointLinksResolver    ] - [TCD9773777  ] -  [user:] : Exposing 2 endpoint(s) beneath base path '/actuator'
2019-07-04 00:15:23.369 [main           ][INFO ][GlobalMessagesConfig     ] - [TCD9773777  ] -  [user:] : localResolver is set to Locale tr.
2019-07-04 00:15:23.387 [main           ][INFO ][uestMappingHandlerMapping] - [TCD9773777  ] -  [user:] : Mapped URL path [/v2/api-docs] onto method [public org.springframework.http.ResponseEntity<springfox.documentation.spring.web.json.Json> springfox.documentation.swagger2.web.Swagger2Controller.getDocumentation(java.lang.String,javax.servlet.http.HttpServletRequest)]
2019-07-04 00:15:23.504 [main           ][INFO ][ThreadPoolTaskExecutor   ] - [TCD9773777  ] -  [user:] : Initializing ExecutorService 'applicationTaskExecutor'
2019-07-04 00:15:23.839 [main           ][INFO ][tationPluginsBootstrapper] - [TCD9773777  ] -  [user:] : Context refreshed
2019-07-04 00:15:23.857 [main           ][INFO ][tationPluginsBootstrapper] - [TCD9773777  ] -  [user:] : Found 1 custom documentation plugin(s)
2019-07-04 00:15:23.886 [main           ][INFO ][piListingReferenceScanner] - [TCD9773777  ] -  [user:] : Scanning for api listing references
2019-07-04 00:15:24.046 [main           ][INFO ][ingOperationNameGenerator] - [TCD9773777  ] -  [user:] : Generating unique operation named: handleUsingGET_1
2019-07-04 00:15:24.047 [main           ][INFO ][ingOperationNameGenerator] - [TCD9773777  ] -  [user:] : Generating unique operation named: handleUsingGET_2
2019-07-04 00:15:24.048 [main           ][INFO ][ingOperationNameGenerator] - [TCD9773777  ] -  [user:] : Generating unique operation named: handleUsingGET_3
2019-07-04 00:15:24.118 [main           ][INFO ][TomcatWebServer          ] - [TCD9773777  ] -  [user:] : Tomcat started on port(s): 8080 (http) with context path '/api'
2019-07-04 00:15:24.120 [main           ][INFO ][SpringBootAppStarter     ] - [TCD9773777  ] -  [user:] : Started SpringBootAppStarter in 23.124 seconds (JVM running for 23.531)
2019-07-04 00:15:43.091 [nio-8080-exec-2][INFO ][[/api]                   ] - [TCD9773777  ] -  [user:] : Initializing Spring DispatcherServlet 'dispatcherServlet'
2019-07-04 00:15:43.091 [nio-8080-exec-2][INFO ][DispatcherServlet        ] - [TCD9773777  ] -  [user:] : Initializing Servlet 'dispatcherServlet'
2019-07-04 00:15:43.101 [nio-8080-exec-2][INFO ][DispatcherServlet        ] - [TCD9773777  ] -  [user:] : Completed initialization in 10 ms
2019-07-04 00:20:40.592 [main           ][INFO ][SpringBootAppStarter     ] - [TCD9773777  ] -  [user:] : Starting SpringBootAppStarter on TCD9773777 with PID 1978 (/Users/ext02d9773/Documents/GitHub/gamingplatform/gamingplatform-api/target/classes started by ext02d9773 in /Users/ext02d9773/Documents/GitHub/gamingplatform/gamingplatform-api)
2019-07-04 00:20:40.595 [main           ][INFO ][SpringBootAppStarter     ] - [TCD9773777  ] -  [user:] : The following profiles are active: common,integration-mobileconnect
2019-07-04 00:20:41.472 [main           ][INFO ][toryConfigurationDelegate] - [TCD9773777  ] -  [user:] : Multiple Spring Data modules found, entering strict repository configuration mode!
2019-07-04 00:20:41.472 [main           ][INFO ][toryConfigurationDelegate] - [TCD9773777  ] -  [user:] : Bootstrapping Spring Data repositories in DEFAULT mode.
2019-07-04 00:20:41.549 [main           ][INFO ][toryConfigurationDelegate] - [TCD9773777  ] -  [user:] : Finished Spring Data repository scanning in 72ms. Found 11 repository interfaces.
2019-07-04 00:20:41.863 [main           ][INFO ][$BeanPostProcessorChecker] - [TCD9773777  ] -  [user:] : Bean 'org.springframework.ws.config.annotation.DelegatingWsConfiguration' of type [org.springframework.ws.config.annotation.DelegatingWsConfiguration$$EnhancerBySpringCGLIB$$fb44fd6e] is not eligible for getting processed by all BeanPostProcessors (for example: not eligible for auto-proxying)
2019-07-04 00:20:41.889 [main           ][INFO ][tionActionEndpointMapping] - [TCD9773777  ] -  [user:] : Supporting [WS-Addressing August 2004, WS-Addressing 1.0]
2019-07-04 00:20:41.928 [main           ][INFO ][$BeanPostProcessorChecker] - [TCD9773777  ] -  [user:] : Bean 'org.springframework.transaction.annotation.ProxyTransactionManagementConfiguration' of type [org.springframework.transaction.annotation.ProxyTransactionManagementConfiguration$$EnhancerBySpringCGLIB$$56ad386f] is not eligible for getting processed by all BeanPostProcessors (for example: not eligible for auto-proxying)
2019-07-04 00:20:41.949 [main           ][INFO ][$BeanPostProcessorChecker] - [TCD9773777  ] -  [user:] : Bean 'commonApplicationProperties' of type [com.turkcell.playcell.gamingplatform.common.config.CommonApplicationProperties$$EnhancerBySpringCGLIB$$f46b752a] is not eligible for getting processed by all BeanPostProcessors (for example: not eligible for auto-proxying)
2019-07-04 00:20:41.951 [main           ][INFO ][$BeanPostProcessorChecker] - [TCD9773777  ] -  [user:] : Bean 'redisConfiguration' of type [com.turkcell.playcell.gamingplatform.common.config.RedisConfiguration$$EnhancerBySpringCGLIB$$965e78d1] is not eligible for getting processed by all BeanPostProcessors (for example: not eligible for auto-proxying)
2019-07-04 00:20:41.976 [main           ][INFO ][GlobalMessagesConfig     ] - [TCD9773777  ] -  [user:] : [Configuration] Internationalization initialized. (OK)
2019-07-04 00:20:42.208 [main           ][INFO ][TomcatWebServer          ] - [TCD9773777  ] -  [user:] : Tomcat initialized with port(s): 8080 (http)
2019-07-04 00:20:42.278 [main           ][INFO ][StandardService          ] - [TCD9773777  ] -  [user:] : Starting service [Tomcat]
2019-07-04 00:20:42.278 [main           ][INFO ][StandardEngine           ] - [TCD9773777  ] -  [user:] : Starting Servlet engine: [Apache Tomcat/9.0.16]
2019-07-04 00:20:42.283 [main           ][INFO ][AprLifecycleListener     ] - [TCD9773777  ] -  [user:] : The APR based Apache Tomcat Native library which allows optimal performance in production environments was not found on the java.library.path: [/Users/ext02d9773/Library/Java/Extensions:/Library/Java/Extensions:/Network/Library/Java/Extensions:/System/Library/Java/Extensions:/usr/lib/java:.]
2019-07-04 00:20:42.351 [main           ][INFO ][[/api]                   ] - [TCD9773777  ] -  [user:] : Initializing Spring embedded WebApplicationContext
2019-07-04 00:20:42.351 [main           ][INFO ][ContextLoader            ] - [TCD9773777  ] -  [user:] : Root WebApplicationContext: initialization completed in 1728 ms
2019-07-04 00:20:42.915 [main           ][INFO ][HikariDataSource         ] - [TCD9773777  ] -  [user:] : HikariPool-1 - Starting...
2019-07-04 00:20:43.264 [main           ][INFO ][PoolBase                 ] - [TCD9773777  ] -  [user:] : HikariPool-1 - Driver does not support get/set network timeout for connections. (oracle.jdbc.driver.T4CConnection.getNetworkTimeout()I)
2019-07-04 00:20:43.291 [main           ][INFO ][HikariDataSource         ] - [TCD9773777  ] -  [user:] : HikariPool-1 - Start completed.
2019-07-04 00:20:43.344 [main           ][INFO ][LogHelper                ] - [TCD9773777  ] -  [user:] : HHH000204: Processing PersistenceUnitInfo [
	name: default
	...]
2019-07-04 00:20:43.394 [main           ][INFO ][Version                  ] - [TCD9773777  ] -  [user:] : HHH000412: Hibernate Core {5.3.7.Final}
2019-07-04 00:20:43.396 [main           ][INFO ][Environment              ] - [TCD9773777  ] -  [user:] : HHH000206: hibernate.properties not found
2019-07-04 00:20:43.510 [main           ][INFO ][Version                  ] - [TCD9773777  ] -  [user:] : HCANN000001: Hibernate Commons Annotations {5.0.4.Final}
2019-07-04 00:20:43.607 [main           ][INFO ][Dialect                  ] - [TCD9773777  ] -  [user:] : HHH000400: Using dialect: org.hibernate.dialect.Oracle10gDialect
2019-07-04 00:20:51.221 [main           ][DEBUG][SQL                      ] - [TCD9773777  ] -  [user:] : alter table game_slug drop constraint UK5rlybeqig343frcjrj60jlq4r
2019-07-04 00:20:51.394 [main           ][DEBUG][SQL                      ] - [TCD9773777  ] -  [user:] : alter table game_slug add constraint UK5rlybeqig343frcjrj60jlq4r unique (url, platform_id, language_id)
2019-07-04 00:21:02.147 [main           ][INFO ][rEntityManagerFactoryBean] - [TCD9773777  ] -  [user:] : Initialized JPA EntityManagerFactory for persistence unit 'default'
2019-07-04 00:21:02.568 [main           ][INFO ][ranslatorFactoryInitiator] - [TCD9773777  ] -  [user:] : HHH000397: Using ASTQueryTranslatorFactory
2019-07-04 00:21:02.808 [main           ][INFO ][JWTToken                 ] - [TCD9773777  ] -  [user:] : [Configuration] JWT Permanent Token mechanizm ready for use with 31556926000 expire miliseconds
2019-07-04 00:21:02.808 [main           ][INFO ][JWTToken                 ] - [TCD9773777  ] -  [user:] : [Configuration] JWT Temporary Token mechanizm ready for use with 1800000 expire miliseconds
2019-07-04 00:21:03.047 [main           ][WARN ][on$JpaWebMvcConfiguration] - [TCD9773777  ] -  [user:] : spring.jpa.open-in-view is enabled by default. Therefore, database queries may be performed during view rendering. Explicitly configure spring.jpa.open-in-view to disable this warning
2019-07-04 00:21:03.177 [main           ][INFO ][EndpointLinksResolver    ] - [TCD9773777  ] -  [user:] : Exposing 2 endpoint(s) beneath base path '/actuator'
2019-07-04 00:21:03.245 [main           ][INFO ][GlobalMessagesConfig     ] - [TCD9773777  ] -  [user:] : localResolver is set to Locale tr.
2019-07-04 00:21:03.263 [main           ][INFO ][uestMappingHandlerMapping] - [TCD9773777  ] -  [user:] : Mapped URL path [/v2/api-docs] onto method [public org.springframework.http.ResponseEntity<springfox.documentation.spring.web.json.Json> springfox.documentation.swagger2.web.Swagger2Controller.getDocumentation(java.lang.String,javax.servlet.http.HttpServletRequest)]
2019-07-04 00:21:03.385 [main           ][INFO ][ThreadPoolTaskExecutor   ] - [TCD9773777  ] -  [user:] : Initializing ExecutorService 'applicationTaskExecutor'
2019-07-04 00:21:03.716 [main           ][INFO ][tationPluginsBootstrapper] - [TCD9773777  ] -  [user:] : Context refreshed
2019-07-04 00:21:03.733 [main           ][INFO ][tationPluginsBootstrapper] - [TCD9773777  ] -  [user:] : Found 1 custom documentation plugin(s)
2019-07-04 00:21:03.765 [main           ][INFO ][piListingReferenceScanner] - [TCD9773777  ] -  [user:] : Scanning for api listing references
2019-07-04 00:21:03.909 [main           ][INFO ][ingOperationNameGenerator] - [TCD9773777  ] -  [user:] : Generating unique operation named: handleUsingGET_1
2019-07-04 00:21:03.910 [main           ][INFO ][ingOperationNameGenerator] - [TCD9773777  ] -  [user:] : Generating unique operation named: handleUsingGET_2
2019-07-04 00:21:03.912 [main           ][INFO ][ingOperationNameGenerator] - [TCD9773777  ] -  [user:] : Generating unique operation named: handleUsingGET_3
2019-07-04 00:21:03.999 [main           ][INFO ][TomcatWebServer          ] - [TCD9773777  ] -  [user:] : Tomcat started on port(s): 8080 (http) with context path '/api'
2019-07-04 00:21:04.001 [main           ][INFO ][SpringBootAppStarter     ] - [TCD9773777  ] -  [user:] : Started SpringBootAppStarter in 23.765 seconds (JVM running for 24.171)
2019-07-04 00:21:42.474 [nio-8080-exec-1][INFO ][[/api]                   ] - [TCD9773777  ] -  [user:] : Initializing Spring DispatcherServlet 'dispatcherServlet'
2019-07-04 00:21:42.474 [nio-8080-exec-1][INFO ][DispatcherServlet        ] - [TCD9773777  ] -  [user:] : Initializing Servlet 'dispatcherServlet'
2019-07-04 00:21:42.484 [nio-8080-exec-1][INFO ][DispatcherServlet        ] - [TCD9773777  ] -  [user:] : Completed initialization in 9 ms
2019-07-04 00:21:47.666 [nio-8080-exec-1][INFO ][GameListController       ] - [TCD9773777  ] -  [user:] : fr
2019-07-04 00:22:00.635 [nio-8080-exec-1][ERROR][JWTToken                 ] - [TCD9773777  ] -  [user:] : Expired JWT token -> Message: {}

io.jsonwebtoken.ExpiredJwtException: JWT expired at 2019-07-04T00:16:53Z. Current time: 2019-07-04T00:22:00Z, a difference of 307632 milliseconds.  Allowed clock skew: 0 milliseconds.
	at io.jsonwebtoken.impl.DefaultJwtParser.parse(DefaultJwtParser.java:385)
	at io.jsonwebtoken.impl.DefaultJwtParser.parse(DefaultJwtParser.java:481)
	at io.jsonwebtoken.impl.DefaultJwtParser.parseClaimsJws(DefaultJwtParser.java:541)
	at com.turkcell.playcell.gamingplatform.api.util.JWTToken.validateTempToken(JWTToken.java:143)
	at com.turkcell.playcell.gamingplatform.api.controller.GameListController.getGame(GameListController.java:62)
	at sun.reflect.NativeMethodAccessorImpl.invoke0(Native Method)
	at sun.reflect.NativeMethodAccessorImpl.invoke(NativeMethodAccessorImpl.java:62)
	at sun.reflect.DelegatingMethodAccessorImpl.invoke(DelegatingMethodAccessorImpl.java:43)
	at java.lang.reflect.Method.invoke(Method.java:498)
	at org.springframework.web.method.support.InvocableHandlerMethod.doInvoke(InvocableHandlerMethod.java:189)
	at org.springframework.web.method.support.InvocableHandlerMethod.invokeForRequest(InvocableHandlerMethod.java:138)
	at org.springframework.web.servlet.mvc.method.annotation.ServletInvocableHandlerMethod.invokeAndHandle(ServletInvocableHandlerMethod.java:102)
	at org.springframework.web.servlet.mvc.method.annotation.RequestMappingHandlerAdapter.invokeHandlerMethod(RequestMappingHandlerAdapter.java:895)
	at org.springframework.web.servlet.mvc.method.annotation.RequestMappingHandlerAdapter.handleInternal(RequestMappingHandlerAdapter.java:800)
	at org.springframework.web.servlet.mvc.method.AbstractHandlerMethodAdapter.handle(AbstractHandlerMethodAdapter.java:87)
	at org.springframework.web.servlet.DispatcherServlet.doDispatch(DispatcherServlet.java:1038)
	at org.springframework.web.servlet.DispatcherServlet.doService(DispatcherServlet.java:942)
	at org.springframework.web.servlet.FrameworkServlet.processRequest(FrameworkServlet.java:1005)
	at org.springframework.web.servlet.FrameworkServlet.doGet(FrameworkServlet.java:897)
	at javax.servlet.http.HttpServlet.service(HttpServlet.java:634)
	at org.springframework.web.servlet.FrameworkServlet.service(FrameworkServlet.java:882)
	at javax.servlet.http.HttpServlet.service(HttpServlet.java:741)
	at org.apache.catalina.core.ApplicationFilterChain.internalDoFilter(ApplicationFilterChain.java:231)
	at org.apache.catalina.core.ApplicationFilterChain.doFilter(ApplicationFilterChain.java:166)
	at org.apache.tomcat.websocket.server.WsFilter.doFilter(WsFilter.java:53)
	at org.apache.catalina.core.ApplicationFilterChain.internalDoFilter(ApplicationFilterChain.java:193)
	at org.apache.catalina.core.ApplicationFilterChain.doFilter(ApplicationFilterChain.java:166)
	at org.springframework.boot.actuate.web.trace.servlet.HttpTraceFilter.doFilterInternal(HttpTraceFilter.java:90)
	at org.springframework.web.filter.OncePerRequestFilter.doFilter(OncePerRequestFilter.java:107)
	at org.apache.catalina.core.ApplicationFilterChain.internalDoFilter(ApplicationFilterChain.java:193)
	at org.apache.catalina.core.ApplicationFilterChain.doFilter(ApplicationFilterChain.java:166)
	at org.springframework.web.filter.RequestContextFilter.doFilterInternal(RequestContextFilter.java:99)
	at org.springframework.web.filter.OncePerRequestFilter.doFilter(OncePerRequestFilter.java:107)
	at org.apache.catalina.core.ApplicationFilterChain.internalDoFilter(ApplicationFilterChain.java:193)
	at org.apache.catalina.core.ApplicationFilterChain.doFilter(ApplicationFilterChain.java:166)
	at org.springframework.web.filter.FormContentFilter.doFilterInternal(FormContentFilter.java:92)
	at org.springframework.web.filter.OncePerRequestFilter.doFilter(OncePerRequestFilter.java:107)
	at org.apache.catalina.core.ApplicationFilterChain.internalDoFilter(ApplicationFilterChain.java:193)
	at org.apache.catalina.core.ApplicationFilterChain.doFilter(ApplicationFilterChain.java:166)
	at org.springframework.web.filter.HiddenHttpMethodFilter.doFilterInternal(HiddenHttpMethodFilter.java:93)
	at org.springframework.web.filter.OncePerRequestFilter.doFilter(OncePerRequestFilter.java:107)
	at org.apache.catalina.core.ApplicationFilterChain.internalDoFilter(ApplicationFilterChain.java:193)
	at org.apache.catalina.core.ApplicationFilterChain.doFilter(ApplicationFilterChain.java:166)
	at org.springframework.boot.actuate.metrics.web.servlet.WebMvcMetricsFilter.filterAndRecordMetrics(WebMvcMetricsFilter.java:117)
	at org.springframework.boot.actuate.metrics.web.servlet.WebMvcMetricsFilter.doFilterInternal(WebMvcMetricsFilter.java:106)
	at org.springframework.web.filter.OncePerRequestFilter.doFilter(OncePerRequestFilter.java:107)
	at org.apache.catalina.core.ApplicationFilterChain.internalDoFilter(ApplicationFilterChain.java:193)
	at org.apache.catalina.core.ApplicationFilterChain.doFilter(ApplicationFilterChain.java:166)
	at org.springframework.web.filter.CharacterEncodingFilter.doFilterInternal(CharacterEncodingFilter.java:200)
	at org.springframework.web.filter.OncePerRequestFilter.doFilter(OncePerRequestFilter.java:107)
	at org.apache.catalina.core.ApplicationFilterChain.internalDoFilter(ApplicationFilterChain.java:193)
	at org.apache.catalina.core.ApplicationFilterChain.doFilter(ApplicationFilterChain.java:166)
	at org.apache.catalina.core.StandardWrapperValve.invoke(StandardWrapperValve.java:200)
	at org.apache.catalina.core.StandardContextValve.invoke(StandardContextValve.java:96)
	at org.apache.catalina.authenticator.AuthenticatorBase.invoke(AuthenticatorBase.java:490)
	at org.apache.catalina.core.StandardHostValve.invoke(StandardHostValve.java:139)
	at org.apache.catalina.valves.ErrorReportValve.invoke(ErrorReportValve.java:92)
	at org.apache.catalina.core.StandardEngineValve.invoke(StandardEngineValve.java:74)
	at org.apache.catalina.connector.CoyoteAdapter.service(CoyoteAdapter.java:343)
	at org.apache.coyote.http11.Http11Processor.service(Http11Processor.java:408)
	at org.apache.coyote.AbstractProcessorLight.process(AbstractProcessorLight.java:66)
	at org.apache.coyote.AbstractProtocol$ConnectionHandler.process(AbstractProtocol.java:834)
	at org.apache.tomcat.util.net.NioEndpoint$SocketProcessor.doRun(NioEndpoint.java:1415)
	at org.apache.tomcat.util.net.SocketProcessorBase.run(SocketProcessorBase.java:49)
	at java.util.concurrent.ThreadPoolExecutor.runWorker(ThreadPoolExecutor.java:1149)
	at java.util.concurrent.ThreadPoolExecutor$Worker.run(ThreadPoolExecutor.java:624)
	at org.apache.tomcat.util.threads.TaskThread$WrappingRunnable.run(TaskThread.java:61)
	at java.lang.Thread.run(Thread.java:748)

2019-07-04 00:22:00.637 [nio-8080-exec-1][INFO ][GameListController       ] - [TCD9773777  ] -  [user:] : Temporary Token Validation Failed for null
2019-07-04 00:22:10.758 [nio-8080-exec-3][INFO ][UserApiController        ] - [TCD9773777  ] -  [user:] : Temporary Token is successfully provided for 5358638877
2019-07-04 00:22:33.758 [nio-8080-exec-4][INFO ][GameListController       ] - [TCD9773777  ] -  [user:] : fr
2019-07-04 00:22:34.240 [nio-8080-exec-4][INFO ][SubscriptionInfoService  ] - [TCD9773777  ] -  [user:] : requestSubscriptionInfo: Package Information is LifeCell
2019-07-04 00:22:34.335 [nio-8080-exec-4][INFO ][EpollProvider            ] - [TCD9773777  ] -  [user:] : Starting without optional epoll library
2019-07-04 00:22:34.337 [nio-8080-exec-4][INFO ][KqueueProvider           ] - [TCD9773777  ] -  [user:] : Starting without optional kqueue library
2019-07-04 00:22:34.554 [nio-8080-exec-4][DEBUG][SQL                      ] - [TCD9773777  ] -  [user:] : select game0_.id as id1_7_, game0_.last_modified_by as last_modified_by2_7_, game0_.created_by as created_by3_7_, game0_.create_date as create_date4_7_, game0_.last_modified_date as last_modified_date5_7_, game0_.ftp_account_id as ftp_account_id10_7_, game0_.game_file_id as game_file_id11_7_, game0_.hide_on_categories as hide_on_categories6_7_, game0_.name as name7_7_, game0_.score as score8_7_, game0_.url as url9_7_ from game game0_ inner join game_detail gamedetail1_ on game0_.id=gamedetail1_.game_id inner join game_detail_translation gamedetail2_ on gamedetail1_.id=gamedetail2_.game_detail_id inner join game_slug gameslugs3_ on gamedetail2_.id=gameslugs3_.game_detail_translation_id cross join platform platform4_ cross join language language5_ where gamedetail1_.platform_id=platform4_.id and gamedetail2_.language_id=language5_.id and lower(platform4_.name)=lower(?) and lower(language5_.short_name)=lower(?) and lower(gameslugs3_.url)=lower(?) and gamedetail1_.platform_id=gameslugs3_.platform_id and gamedetail2_.language_id=gameslugs3_.language_id
2019-07-04 00:22:34.558 [nio-8080-exec-4][TRACE][BasicBinder              ] - [TCD9773777  ] -  [user:] : binding parameter [1] as [VARCHAR] - [Android]
2019-07-04 00:22:34.558 [nio-8080-exec-4][TRACE][BasicBinder              ] - [TCD9773777  ] -  [user:] : binding parameter [2] as [VARCHAR] - [fr]
2019-07-04 00:22:34.559 [nio-8080-exec-4][TRACE][BasicBinder              ] - [TCD9773777  ] -  [user:] : binding parameter [3] as [VARCHAR] - [pasta]
2019-07-04 00:22:34.625 [nio-8080-exec-4][ERROR][GameListController       ] - [TCD9773777  ] -  [user:] : An exception occurred during getGame API call... -> {}

java.lang.IllegalArgumentException: Cache 'game' does not allow 'null' values. Avoid storing null via '@Cacheable(unless="#result == null")' or configure RedisCache to allow 'null' via RedisCacheConfiguration.
	at org.springframework.data.redis.cache.RedisCache.put(RedisCache.java:139)
	at org.springframework.cache.transaction.TransactionAwareCacheDecorator.put(TransactionAwareCacheDecorator.java:102)
	at org.springframework.cache.interceptor.AbstractCacheInvoker.doPut(AbstractCacheInvoker.java:87)
	at org.springframework.cache.interceptor.CacheAspectSupport$CachePutRequest.apply(CacheAspectSupport.java:820)
	at org.springframework.cache.interceptor.CacheAspectSupport.execute(CacheAspectSupport.java:429)
	at org.springframework.cache.interceptor.CacheAspectSupport.execute(CacheAspectSupport.java:345)
	at org.springframework.cache.interceptor.CacheInterceptor.invoke(CacheInterceptor.java:61)
	at org.springframework.aop.framework.ReflectiveMethodInvocation.proceed(ReflectiveMethodInvocation.java:186)
	at org.springframework.aop.framework.CglibAopProxy$DynamicAdvisedInterceptor.intercept(CglibAopProxy.java:688)
	at com.turkcell.playcell.gamingplatform.api.service.GameService$$EnhancerBySpringCGLIB$$4d2ea6b4.getGame(<generated>)
	at com.turkcell.playcell.gamingplatform.api.controller.GameListController.getGame(GameListController.java:73)
	at sun.reflect.NativeMethodAccessorImpl.invoke0(Native Method)
	at sun.reflect.NativeMethodAccessorImpl.invoke(NativeMethodAccessorImpl.java:62)
	at sun.reflect.DelegatingMethodAccessorImpl.invoke(DelegatingMethodAccessorImpl.java:43)
	at java.lang.reflect.Method.invoke(Method.java:498)
	at org.springframework.web.method.support.InvocableHandlerMethod.doInvoke(InvocableHandlerMethod.java:189)
	at org.springframework.web.method.support.InvocableHandlerMethod.invokeForRequest(InvocableHandlerMethod.java:138)
	at org.springframework.web.servlet.mvc.method.annotation.ServletInvocableHandlerMethod.invokeAndHandle(ServletInvocableHandlerMethod.java:102)
	at org.springframework.web.servlet.mvc.method.annotation.RequestMappingHandlerAdapter.invokeHandlerMethod(RequestMappingHandlerAdapter.java:895)
	at org.springframework.web.servlet.mvc.method.annotation.RequestMappingHandlerAdapter.handleInternal(RequestMappingHandlerAdapter.java:800)
	at org.springframework.web.servlet.mvc.method.AbstractHandlerMethodAdapter.handle(AbstractHandlerMethodAdapter.java:87)
	at org.springframework.web.servlet.DispatcherServlet.doDispatch(DispatcherServlet.java:1038)
	at org.springframework.web.servlet.DispatcherServlet.doService(DispatcherServlet.java:942)
	at org.springframework.web.servlet.FrameworkServlet.processRequest(FrameworkServlet.java:1005)
	at org.springframework.web.servlet.FrameworkServlet.doGet(FrameworkServlet.java:897)
	at javax.servlet.http.HttpServlet.service(HttpServlet.java:634)
	at org.springframework.web.servlet.FrameworkServlet.service(FrameworkServlet.java:882)
	at javax.servlet.http.HttpServlet.service(HttpServlet.java:741)
	at org.apache.catalina.core.ApplicationFilterChain.internalDoFilter(ApplicationFilterChain.java:231)
	at org.apache.catalina.core.ApplicationFilterChain.doFilter(ApplicationFilterChain.java:166)
	at org.apache.tomcat.websocket.server.WsFilter.doFilter(WsFilter.java:53)
	at org.apache.catalina.core.ApplicationFilterChain.internalDoFilter(ApplicationFilterChain.java:193)
	at org.apache.catalina.core.ApplicationFilterChain.doFilter(ApplicationFilterChain.java:166)
	at org.springframework.boot.actuate.web.trace.servlet.HttpTraceFilter.doFilterInternal(HttpTraceFilter.java:90)
	at org.springframework.web.filter.OncePerRequestFilter.doFilter(OncePerRequestFilter.java:107)
	at org.apache.catalina.core.ApplicationFilterChain.internalDoFilter(ApplicationFilterChain.java:193)
	at org.apache.catalina.core.ApplicationFilterChain.doFilter(ApplicationFilterChain.java:166)
	at org.springframework.web.filter.RequestContextFilter.doFilterInternal(RequestContextFilter.java:99)
	at org.springframework.web.filter.OncePerRequestFilter.doFilter(OncePerRequestFilter.java:107)
	at org.apache.catalina.core.ApplicationFilterChain.internalDoFilter(ApplicationFilterChain.java:193)
	at org.apache.catalina.core.ApplicationFilterChain.doFilter(ApplicationFilterChain.java:166)
	at org.springframework.web.filter.FormContentFilter.doFilterInternal(FormContentFilter.java:92)
	at org.springframework.web.filter.OncePerRequestFilter.doFilter(OncePerRequestFilter.java:107)
	at org.apache.catalina.core.ApplicationFilterChain.internalDoFilter(ApplicationFilterChain.java:193)
	at org.apache.catalina.core.ApplicationFilterChain.doFilter(ApplicationFilterChain.java:166)
	at org.springframework.web.filter.HiddenHttpMethodFilter.doFilterInternal(HiddenHttpMethodFilter.java:93)
	at org.springframework.web.filter.OncePerRequestFilter.doFilter(OncePerRequestFilter.java:107)
	at org.apache.catalina.core.ApplicationFilterChain.internalDoFilter(ApplicationFilterChain.java:193)
	at org.apache.catalina.core.ApplicationFilterChain.doFilter(ApplicationFilterChain.java:166)
	at org.springframework.boot.actuate.metrics.web.servlet.WebMvcMetricsFilter.filterAndRecordMetrics(WebMvcMetricsFilter.java:117)
	at org.springframework.boot.actuate.metrics.web.servlet.WebMvcMetricsFilter.doFilterInternal(WebMvcMetricsFilter.java:106)
	at org.springframework.web.filter.OncePerRequestFilter.doFilter(OncePerRequestFilter.java:107)
	at org.apache.catalina.core.ApplicationFilterChain.internalDoFilter(ApplicationFilterChain.java:193)
	at org.apache.catalina.core.ApplicationFilterChain.doFilter(ApplicationFilterChain.java:166)
	at org.springframework.web.filter.CharacterEncodingFilter.doFilterInternal(CharacterEncodingFilter.java:200)
	at org.springframework.web.filter.OncePerRequestFilter.doFilter(OncePerRequestFilter.java:107)
	at org.apache.catalina.core.ApplicationFilterChain.internalDoFilter(ApplicationFilterChain.java:193)
	at org.apache.catalina.core.ApplicationFilterChain.doFilter(ApplicationFilterChain.java:166)
	at org.apache.catalina.core.StandardWrapperValve.invoke(StandardWrapperValve.java:200)
	at org.apache.catalina.core.StandardContextValve.invoke(StandardContextValve.java:96)
	at org.apache.catalina.authenticator.AuthenticatorBase.invoke(AuthenticatorBase.java:490)
	at org.apache.catalina.core.StandardHostValve.invoke(StandardHostValve.java:139)
	at org.apache.catalina.valves.ErrorReportValve.invoke(ErrorReportValve.java:92)
	at org.apache.catalina.core.StandardEngineValve.invoke(StandardEngineValve.java:74)
	at org.apache.catalina.connector.CoyoteAdapter.service(CoyoteAdapter.java:343)
	at org.apache.coyote.http11.Http11Processor.service(Http11Processor.java:408)
	at org.apache.coyote.AbstractProcessorLight.process(AbstractProcessorLight.java:66)
	at org.apache.coyote.AbstractProtocol$ConnectionHandler.process(AbstractProtocol.java:834)
	at org.apache.tomcat.util.net.NioEndpoint$SocketProcessor.doRun(NioEndpoint.java:1415)
	at org.apache.tomcat.util.net.SocketProcessorBase.run(SocketProcessorBase.java:49)
	at java.util.concurrent.ThreadPoolExecutor.runWorker(ThreadPoolExecutor.java:1149)
	at java.util.concurrent.ThreadPoolExecutor$Worker.run(ThreadPoolExecutor.java:624)
	at org.apache.tomcat.util.threads.TaskThread$WrappingRunnable.run(TaskThread.java:61)
	at java.lang.Thread.run(Thread.java:748)

2019-07-04 00:23:23.337 [main           ][INFO ][SpringBootAppStarter     ] - [TCD9773777  ] -  [user:] : Starting SpringBootAppStarter on TCD9773777 with PID 1979 (/Users/ext02d9773/Documents/GitHub/gamingplatform/gamingplatform-api/target/classes started by ext02d9773 in /Users/ext02d9773/Documents/GitHub/gamingplatform/gamingplatform-api)
2019-07-04 00:23:23.339 [main           ][INFO ][SpringBootAppStarter     ] - [TCD9773777  ] -  [user:] : The following profiles are active: common,integration-mobileconnect
2019-07-04 00:23:24.143 [main           ][INFO ][toryConfigurationDelegate] - [TCD9773777  ] -  [user:] : Multiple Spring Data modules found, entering strict repository configuration mode!
2019-07-04 00:23:24.144 [main           ][INFO ][toryConfigurationDelegate] - [TCD9773777  ] -  [user:] : Bootstrapping Spring Data repositories in DEFAULT mode.
2019-07-04 00:23:24.221 [main           ][INFO ][toryConfigurationDelegate] - [TCD9773777  ] -  [user:] : Finished Spring Data repository scanning in 73ms. Found 11 repository interfaces.
2019-07-04 00:23:24.491 [main           ][INFO ][$BeanPostProcessorChecker] - [TCD9773777  ] -  [user:] : Bean 'org.springframework.ws.config.annotation.DelegatingWsConfiguration' of type [org.springframework.ws.config.annotation.DelegatingWsConfiguration$$EnhancerBySpringCGLIB$$4995bef6] is not eligible for getting processed by all BeanPostProcessors (for example: not eligible for auto-proxying)
2019-07-04 00:23:24.514 [main           ][INFO ][tionActionEndpointMapping] - [TCD9773777  ] -  [user:] : Supporting [WS-Addressing August 2004, WS-Addressing 1.0]
2019-07-04 00:23:24.547 [main           ][INFO ][$BeanPostProcessorChecker] - [TCD9773777  ] -  [user:] : Bean 'org.springframework.transaction.annotation.ProxyTransactionManagementConfiguration' of type [org.springframework.transaction.annotation.ProxyTransactionManagementConfiguration$$EnhancerBySpringCGLIB$$a4fdf9f7] is not eligible for getting processed by all BeanPostProcessors (for example: not eligible for auto-proxying)
2019-07-04 00:23:24.564 [main           ][INFO ][$BeanPostProcessorChecker] - [TCD9773777  ] -  [user:] : Bean 'commonApplicationProperties' of type [com.turkcell.playcell.gamingplatform.common.config.CommonApplicationProperties$$EnhancerBySpringCGLIB$$42bc36b2] is not eligible for getting processed by all BeanPostProcessors (for example: not eligible for auto-proxying)
2019-07-04 00:23:24.566 [main           ][INFO ][$BeanPostProcessorChecker] - [TCD9773777  ] -  [user:] : Bean 'redisConfiguration' of type [com.turkcell.playcell.gamingplatform.common.config.RedisConfiguration$$EnhancerBySpringCGLIB$$e4af3a59] is not eligible for getting processed by all BeanPostProcessors (for example: not eligible for auto-proxying)
2019-07-04 00:23:24.586 [main           ][INFO ][GlobalMessagesConfig     ] - [TCD9773777  ] -  [user:] : [Configuration] Internationalization initialized. (OK)
2019-07-04 00:23:24.839 [main           ][INFO ][TomcatWebServer          ] - [TCD9773777  ] -  [user:] : Tomcat initialized with port(s): 8080 (http)
2019-07-04 00:23:24.854 [main           ][INFO ][StandardService          ] - [TCD9773777  ] -  [user:] : Starting service [Tomcat]
2019-07-04 00:23:24.855 [main           ][INFO ][StandardEngine           ] - [TCD9773777  ] -  [user:] : Starting Servlet engine: [Apache Tomcat/9.0.16]
2019-07-04 00:23:24.859 [main           ][INFO ][AprLifecycleListener     ] - [TCD9773777  ] -  [user:] : The APR based Apache Tomcat Native library which allows optimal performance in production environments was not found on the java.library.path: [/Users/ext02d9773/Library/Java/Extensions:/Library/Java/Extensions:/Network/Library/Java/Extensions:/System/Library/Java/Extensions:/usr/lib/java:.]
2019-07-04 00:23:24.919 [main           ][INFO ][[/api]                   ] - [TCD9773777  ] -  [user:] : Initializing Spring embedded WebApplicationContext
2019-07-04 00:23:24.919 [main           ][INFO ][ContextLoader            ] - [TCD9773777  ] -  [user:] : Root WebApplicationContext: initialization completed in 1557 ms
2019-07-04 00:23:25.412 [main           ][INFO ][HikariDataSource         ] - [TCD9773777  ] -  [user:] : HikariPool-1 - Starting...
2019-07-04 00:23:25.765 [main           ][INFO ][PoolBase                 ] - [TCD9773777  ] -  [user:] : HikariPool-1 - Driver does not support get/set network timeout for connections. (oracle.jdbc.driver.T4CConnection.getNetworkTimeout()I)
2019-07-04 00:23:25.792 [main           ][INFO ][HikariDataSource         ] - [TCD9773777  ] -  [user:] : HikariPool-1 - Start completed.
2019-07-04 00:23:25.834 [main           ][INFO ][LogHelper                ] - [TCD9773777  ] -  [user:] : HHH000204: Processing PersistenceUnitInfo [
	name: default
	...]
2019-07-04 00:23:25.881 [main           ][INFO ][Version                  ] - [TCD9773777  ] -  [user:] : HHH000412: Hibernate Core {5.3.7.Final}
2019-07-04 00:23:25.882 [main           ][INFO ][Environment              ] - [TCD9773777  ] -  [user:] : HHH000206: hibernate.properties not found
2019-07-04 00:23:25.973 [main           ][INFO ][Version                  ] - [TCD9773777  ] -  [user:] : HCANN000001: Hibernate Commons Annotations {5.0.4.Final}
2019-07-04 00:23:26.065 [main           ][INFO ][Dialect                  ] - [TCD9773777  ] -  [user:] : HHH000400: Using dialect: org.hibernate.dialect.Oracle10gDialect
2019-07-04 00:23:33.529 [main           ][DEBUG][SQL                      ] - [TCD9773777  ] -  [user:] : alter table game_slug drop constraint UK5rlybeqig343frcjrj60jlq4r
2019-07-04 00:23:33.614 [main           ][DEBUG][SQL                      ] - [TCD9773777  ] -  [user:] : alter table game_slug add constraint UK5rlybeqig343frcjrj60jlq4r unique (url, platform_id, language_id)
2019-07-04 00:23:43.921 [main           ][INFO ][rEntityManagerFactoryBean] - [TCD9773777  ] -  [user:] : Initialized JPA EntityManagerFactory for persistence unit 'default'
2019-07-04 00:23:44.291 [main           ][INFO ][ranslatorFactoryInitiator] - [TCD9773777  ] -  [user:] : HHH000397: Using ASTQueryTranslatorFactory
2019-07-04 00:23:44.497 [main           ][INFO ][JWTToken                 ] - [TCD9773777  ] -  [user:] : [Configuration] JWT Permanent Token mechanizm ready for use with 31556926000 expire miliseconds
2019-07-04 00:23:44.498 [main           ][INFO ][JWTToken                 ] - [TCD9773777  ] -  [user:] : [Configuration] JWT Temporary Token mechanizm ready for use with 1800000 expire miliseconds
2019-07-04 00:23:44.707 [main           ][WARN ][on$JpaWebMvcConfiguration] - [TCD9773777  ] -  [user:] : spring.jpa.open-in-view is enabled by default. Therefore, database queries may be performed during view rendering. Explicitly configure spring.jpa.open-in-view to disable this warning
2019-07-04 00:23:44.823 [main           ][INFO ][EndpointLinksResolver    ] - [TCD9773777  ] -  [user:] : Exposing 2 endpoint(s) beneath base path '/actuator'
2019-07-04 00:23:44.886 [main           ][INFO ][GlobalMessagesConfig     ] - [TCD9773777  ] -  [user:] : localResolver is set to Locale tr.
2019-07-04 00:23:44.902 [main           ][INFO ][uestMappingHandlerMapping] - [TCD9773777  ] -  [user:] : Mapped URL path [/v2/api-docs] onto method [public org.springframework.http.ResponseEntity<springfox.documentation.spring.web.json.Json> springfox.documentation.swagger2.web.Swagger2Controller.getDocumentation(java.lang.String,javax.servlet.http.HttpServletRequest)]
2019-07-04 00:23:45.004 [main           ][INFO ][ThreadPoolTaskExecutor   ] - [TCD9773777  ] -  [user:] : Initializing ExecutorService 'applicationTaskExecutor'
2019-07-04 00:23:45.293 [main           ][INFO ][tationPluginsBootstrapper] - [TCD9773777  ] -  [user:] : Context refreshed
2019-07-04 00:23:45.307 [main           ][INFO ][tationPluginsBootstrapper] - [TCD9773777  ] -  [user:] : Found 1 custom documentation plugin(s)
2019-07-04 00:23:45.331 [main           ][INFO ][piListingReferenceScanner] - [TCD9773777  ] -  [user:] : Scanning for api listing references
2019-07-04 00:23:45.452 [main           ][INFO ][ingOperationNameGenerator] - [TCD9773777  ] -  [user:] : Generating unique operation named: handleUsingGET_1
2019-07-04 00:23:45.454 [main           ][INFO ][ingOperationNameGenerator] - [TCD9773777  ] -  [user:] : Generating unique operation named: handleUsingGET_2
2019-07-04 00:23:45.455 [main           ][INFO ][ingOperationNameGenerator] - [TCD9773777  ] -  [user:] : Generating unique operation named: handleUsingGET_3
2019-07-04 00:23:45.536 [main           ][INFO ][TomcatWebServer          ] - [TCD9773777  ] -  [user:] : Tomcat started on port(s): 8080 (http) with context path '/api'
2019-07-04 00:23:45.538 [main           ][INFO ][SpringBootAppStarter     ] - [TCD9773777  ] -  [user:] : Started SpringBootAppStarter in 22.512 seconds (JVM running for 22.858)
2019-07-04 00:23:51.321 [nio-8080-exec-1][INFO ][[/api]                   ] - [TCD9773777  ] -  [user:] : Initializing Spring DispatcherServlet 'dispatcherServlet'
2019-07-04 00:23:51.321 [nio-8080-exec-1][INFO ][DispatcherServlet        ] - [TCD9773777  ] -  [user:] : Initializing Servlet 'dispatcherServlet'
2019-07-04 00:23:51.331 [nio-8080-exec-1][INFO ][DispatcherServlet        ] - [TCD9773777  ] -  [user:] : Completed initialization in 10 ms
2019-07-04 00:23:51.362 [nio-8080-exec-1][INFO ][GameListController       ] - [TCD9773777  ] -  [user:] : fr
2019-07-04 00:23:51.755 [nio-8080-exec-1][INFO ][SubscriptionInfoService  ] - [TCD9773777  ] -  [user:] : requestSubscriptionInfo: Package Information is LifeCell
2019-07-04 00:23:51.834 [nio-8080-exec-1][INFO ][EpollProvider            ] - [TCD9773777  ] -  [user:] : Starting without optional epoll library
2019-07-04 00:23:51.835 [nio-8080-exec-1][INFO ][KqueueProvider           ] - [TCD9773777  ] -  [user:] : Starting without optional kqueue library
2019-07-04 00:23:52.027 [nio-8080-exec-1][DEBUG][SQL                      ] - [TCD9773777  ] -  [user:] : select game0_.id as id1_7_, game0_.last_modified_by as last_modified_by2_7_, game0_.created_by as created_by3_7_, game0_.create_date as create_date4_7_, game0_.last_modified_date as last_modified_date5_7_, game0_.ftp_account_id as ftp_account_id10_7_, game0_.game_file_id as game_file_id11_7_, game0_.hide_on_categories as hide_on_categories6_7_, game0_.name as name7_7_, game0_.score as score8_7_, game0_.url as url9_7_ from game game0_ inner join game_detail gamedetail1_ on game0_.id=gamedetail1_.game_id inner join game_detail_translation gamedetail2_ on gamedetail1_.id=gamedetail2_.game_detail_id inner join game_slug gameslugs3_ on gamedetail2_.id=gameslugs3_.game_detail_translation_id cross join platform platform4_ cross join language language5_ where gamedetail1_.platform_id=platform4_.id and gamedetail2_.language_id=language5_.id and lower(platform4_.name)=lower(?) and lower(language5_.short_name)=lower(?) and lower(gameslugs3_.url)=lower(?) and gamedetail1_.platform_id=gameslugs3_.platform_id and gamedetail2_.language_id=gameslugs3_.language_id
2019-07-04 00:23:52.031 [nio-8080-exec-1][TRACE][BasicBinder              ] - [TCD9773777  ] -  [user:] : binding parameter [1] as [VARCHAR] - [Android]
2019-07-04 00:23:52.031 [nio-8080-exec-1][TRACE][BasicBinder              ] - [TCD9773777  ] -  [user:] : binding parameter [2] as [VARCHAR] - [tr]
2019-07-04 00:23:52.031 [nio-8080-exec-1][TRACE][BasicBinder              ] - [TCD9773777  ] -  [user:] : binding parameter [3] as [VARCHAR] - [pasta]
2019-07-04 00:23:52.093 [nio-8080-exec-1][DEBUG][SQL                      ] - [TCD9773777  ] -  [user:] : select gamedetail0_.game_id as game_id9_11_0_, gamedetail0_.id as id1_11_0_, gamedetail0_.id as id1_11_1_, gamedetail0_.last_modified_by as last_modified_by2_11_1_, gamedetail0_.created_by as created_by3_11_1_, gamedetail0_.create_date as create_date4_11_1_, gamedetail0_.last_modified_date as last_modified_date5_11_1_, gamedetail0_.game_id as game_id9_11_1_, gamedetail0_.is_active as is_active6_11_1_, gamedetail0_.platform_id as platform_id10_11_1_, gamedetail0_.publish_datetime as publish_datetime7_11_1_, gamedetail0_.unpublish_datetime as unpublish_datetime8_11_1_, platform1_.id as id1_17_2_, platform1_.last_modified_by as last_modified_by2_17_2_, platform1_.created_by as created_by3_17_2_, platform1_.create_date as create_date4_17_2_, platform1_.last_modified_date as last_modified_date5_17_2_, platform1_.ftp_account_id as ftp_account_id7_17_2_, platform1_.image_id as image_id8_17_2_, platform1_.name as name6_17_2_, ftpaccount2_.id as id1_6_3_, ftpaccount2_.last_modified_by as last_modified_by2_6_3_, ftpaccount2_.created_by as created_by3_6_3_, ftpaccount2_.create_date as create_date4_6_3_, ftpaccount2_.last_modified_date as last_modified_date5_6_3_, ftpaccount2_.cdn_base_url as cdn_base_url6_6_3_, ftpaccount2_.host as host7_6_3_, ftpaccount2_.name as name8_6_3_, ftpaccount2_.password as password9_6_3_, ftpaccount2_.path as path10_6_3_, ftpaccount2_.port as port11_6_3_, ftpaccount2_.ftp_user as ftp_user12_6_3_, image3_.id as id1_15_4_, image3_.last_modified_by as last_modified_by2_15_4_, image3_.created_by as created_by3_15_4_, image3_.create_date as create_date4_15_4_, image3_.last_modified_date as last_modified_date5_15_4_, image3_.cdn_url as cdn_url6_15_4_, image3_.ftp_account_id as ftp_account_id9_15_4_, image3_.path as path7_15_4_, image3_.size_id as size_id8_15_4_, ftpaccount4_.id as id1_6_5_, ftpaccount4_.last_modified_by as last_modified_by2_6_5_, ftpaccount4_.created_by as created_by3_6_5_, ftpaccount4_.create_date as create_date4_6_5_, ftpaccount4_.last_modified_date as last_modified_date5_6_5_, ftpaccount4_.cdn_base_url as cdn_base_url6_6_5_, ftpaccount4_.host as host7_6_5_, ftpaccount4_.name as name8_6_5_, ftpaccount4_.password as password9_6_5_, ftpaccount4_.path as path10_6_5_, ftpaccount4_.port as port11_6_5_, ftpaccount4_.ftp_user as ftp_user12_6_5_ from game_detail gamedetail0_ left outer join platform platform1_ on gamedetail0_.platform_id=platform1_.id left outer join ftp_account ftpaccount2_ on platform1_.ftp_account_id=ftpaccount2_.id left outer join image image3_ on platform1_.image_id=image3_.id left outer join ftp_account ftpaccount4_ on image3_.ftp_account_id=ftpaccount4_.id where gamedetail0_.game_id=?
2019-07-04 00:23:52.094 [nio-8080-exec-1][TRACE][BasicBinder              ] - [TCD9773777  ] -  [user:] : binding parameter [1] as [BIGINT] - [224]
2019-07-04 00:23:52.126 [nio-8080-exec-1][DEBUG][SQL                      ] - [TCD9773777  ] -  [user:] : select gamedetail0_.game_detail_id as game_detail_id8_12_0_, gamedetail0_.id as id1_12_0_, gamedetail0_.id as id1_12_1_, gamedetail0_.last_modified_by as last_modified_by2_12_1_, gamedetail0_.created_by as created_by3_12_1_, gamedetail0_.create_date as create_date4_12_1_, gamedetail0_.last_modified_date as last_modified_date5_12_1_, gamedetail0_.description as description6_12_1_, gamedetail0_.game_detail_id as game_detail_id8_12_1_, gamedetail0_.language_id as language_id9_12_1_, gamedetail0_.name as name7_12_1_, language1_.id as id1_16_2_, language1_.last_modified_by as last_modified_by2_16_2_, language1_.created_by as created_by3_16_2_, language1_.create_date as create_date4_16_2_, language1_.last_modified_date as last_modified_date5_16_2_, language1_.name as name6_16_2_, language1_.short_name as short_name7_16_2_ from game_detail_translation gamedetail0_ left outer join language language1_ on gamedetail0_.language_id=language1_.id where gamedetail0_.game_detail_id=?
2019-07-04 00:23:52.126 [nio-8080-exec-1][TRACE][BasicBinder              ] - [TCD9773777  ] -  [user:] : binding parameter [1] as [BIGINT] - [556]
2019-07-04 00:23:52.152 [nio-8080-exec-1][DEBUG][SQL                      ] - [TCD9773777  ] -  [user:] : select gameslugs0_.game_detail_translation_id as game_detail_transl9_14_0_, gameslugs0_.id as id1_14_0_, gameslugs0_.id as id1_14_1_, gameslugs0_.last_modified_by as last_modified_by2_14_1_, gameslugs0_.created_by as created_by3_14_1_, gameslugs0_.create_date as create_date4_14_1_, gameslugs0_.last_modified_date as last_modified_date5_14_1_, gameslugs0_.game_detail_translation_id as game_detail_transl9_14_1_, gameslugs0_.language_id as language_id6_14_1_, gameslugs0_.platform_id as platform_id7_14_1_, gameslugs0_.url as url8_14_1_ from game_slug gameslugs0_ where gameslugs0_.game_detail_translation_id=?
2019-07-04 00:23:52.152 [nio-8080-exec-1][TRACE][BasicBinder              ] - [TCD9773777  ] -  [user:] : binding parameter [1] as [BIGINT] - [687]
2019-07-04 00:23:52.184 [nio-8080-exec-1][DEBUG][SQL                      ] - [TCD9773777  ] -  [user:] : select tariffs0_.game_detail_id as game_detail_id1_9_0_, tariffs0_.tariff_id as tariff_id2_9_0_, tariff1_.id as id1_24_1_, tariff1_.last_modified_by as last_modified_by2_24_1_, tariff1_.created_by as created_by3_24_1_, tariff1_.create_date as create_date4_24_1_, tariff1_.last_modified_date as last_modified_date5_24_1_, tariff1_.grade as grade6_24_1_, tariff1_.label as label7_24_1_, tariff1_.name as name8_24_1_, tariff1_.offer_id as offer_id9_24_1_, tariff1_.package_name as package_name10_24_1_, tariff1_.provisioning_id as provisioning_id11_24_1_ from game_detail_tariff tariffs0_ inner join tariff tariff1_ on tariffs0_.tariff_id=tariff1_.id where tariffs0_.game_detail_id=?
2019-07-04 00:23:52.184 [nio-8080-exec-1][TRACE][BasicBinder              ] - [TCD9773777  ] -  [user:] : binding parameter [1] as [BIGINT] - [556]
2019-07-04 00:24:14.944 [nio-8080-exec-3][INFO ][GameListController       ] - [TCD9773777  ] -  [user:] : fr
2019-07-04 00:24:15.070 [nio-8080-exec-3][INFO ][SubscriptionInfoService  ] - [TCD9773777  ] -  [user:] : requestSubscriptionInfo: Package Information is LifeCell
2019-07-04 00:24:28.288 [nio-8080-exec-4][INFO ][GameListController       ] - [TCD9773777  ] -  [user:] : en
2019-07-04 00:24:28.397 [nio-8080-exec-4][INFO ][SubscriptionInfoService  ] - [TCD9773777  ] -  [user:] : requestSubscriptionInfo: Package Information is LifeCell
2019-07-04 00:24:38.471 [nio-8080-exec-5][INFO ][GameListController       ] - [TCD9773777  ] -  [user:] : tr
2019-07-04 00:24:38.573 [nio-8080-exec-5][INFO ][SubscriptionInfoService  ] - [TCD9773777  ] -  [user:] : requestSubscriptionInfo: Package Information is LifeCell
2019-07-04 00:24:44.120 [nio-8080-exec-6][INFO ][GameListController       ] - [TCD9773777  ] -  [user:] : tr
2019-07-04 00:24:44.222 [nio-8080-exec-6][INFO ][SubscriptionInfoService  ] - [TCD9773777  ] -  [user:] : requestSubscriptionInfo: Package Information is LifeCell
2019-07-04 00:24:47.826 [on(4)-127.0.0.1][INFO ][ar$SpringApplicationAdmin] - [TCD9773777  ] -  [user:] : Application shutdown requested.
2019-07-04 00:24:47.836 [on(4)-127.0.0.1][INFO ][ThreadPoolTaskExecutor   ] - [TCD9773777  ] -  [user:] : Shutting down ExecutorService 'applicationTaskExecutor'
2019-07-04 00:24:47.839 [on(4)-127.0.0.1][INFO ][rEntityManagerFactoryBean] - [TCD9773777  ] -  [user:] : Closing JPA EntityManagerFactory for persistence unit 'default'
2019-07-04 00:24:47.841 [on(4)-127.0.0.1][INFO ][HikariDataSource         ] - [TCD9773777  ] -  [user:] : HikariPool-1 - Shutdown initiated...
2019-07-04 00:24:48.108 [on(4)-127.0.0.1][INFO ][HikariDataSource         ] - [TCD9773777  ] -  [user:] : HikariPool-1 - Shutdown completed.
